<?xml version="1.0" encoding="UTF-8"?>
<coverage generated="1503404048690" clover="3.2.0">
  <project timestamp="1503404048690" name="All files">
    <metrics statements="436" coveredstatements="323" conditionals="170" coveredconditionals="88" methods="192" coveredmethods="97" elements="798" coveredelements="508" complexity="0" loc="436" ncloc="436" packages="15" files="53" classes="53">
      <package name="shared">
        <metrics statements="11" coveredstatements="11" conditionals="0" coveredconditionals="0" methods="0" coveredmethods="0"/>
        <file name="test_constants.js" path="/home/kfbr392/Documents/repos/lean_gains/shared/test_constants.js">
          <metrics statements="11" coveredstatements="11" conditionals="0" coveredconditionals="0" methods="0" coveredmethods="0"/>
          <line num="1" count="11" type="stmt"/>
          <line num="3" count="11" type="stmt"/>
          <line num="8" count="11" type="stmt"/>
          <line num="65" count="11" type="stmt"/>
          <line num="72" count="11" type="stmt"/>
          <line num="111" count="11" type="stmt"/>
          <line num="118" count="11" type="stmt"/>
          <line num="134" count="11" type="stmt"/>
          <line num="152" count="11" type="stmt"/>
          <line num="158" count="11" type="stmt"/>
          <line num="222" count="11" type="stmt"/>
        </file>
      </package>
      <package name="src.components">
        <metrics statements="6" coveredstatements="4" conditionals="2" coveredconditionals="0" methods="3" coveredmethods="1"/>
        <file name="centered_submit_button.jsx" path="/home/kfbr392/Documents/repos/lean_gains/src/components/centered_submit_button.jsx">
          <metrics statements="2" coveredstatements="1" conditionals="0" coveredconditionals="0" methods="1" coveredmethods="0"/>
          <line num="4" count="1" type="stmt"/>
          <line num="5" count="0" type="stmt"/>
        </file>
        <file name="current_slider.jsx" path="/home/kfbr392/Documents/repos/lean_gains/src/components/current_slider.jsx">
          <metrics statements="2" coveredstatements="1" conditionals="2" coveredconditionals="0" methods="1" coveredmethods="0"/>
          <line num="6" count="1" type="stmt"/>
          <line num="7" count="0" type="stmt"/>
        </file>
        <file name="submit_button.jsx" path="/home/kfbr392/Documents/repos/lean_gains/src/components/submit_button.jsx">
          <metrics statements="2" coveredstatements="2" conditionals="0" coveredconditionals="0" methods="1" coveredmethods="1"/>
          <line num="5" count="2" type="stmt"/>
          <line num="7" count="2" type="stmt"/>
        </file>
      </package>
      <package name="src.components.auth">
        <metrics statements="8" coveredstatements="7" conditionals="2" coveredconditionals="2" methods="3" coveredmethods="2"/>
        <file name="google_login_button.jsx" path="/home/kfbr392/Documents/repos/lean_gains/src/components/auth/google_login_button.jsx">
          <metrics statements="2" coveredstatements="1" conditionals="0" coveredconditionals="0" methods="1" coveredmethods="0"/>
          <line num="4" count="1" type="stmt"/>
          <line num="5" count="0" type="stmt"/>
        </file>
        <file name="login.jsx" path="/home/kfbr392/Documents/repos/lean_gains/src/components/auth/login.jsx">
          <metrics statements="3" coveredstatements="3" conditionals="0" coveredconditionals="0" methods="1" coveredmethods="1"/>
          <line num="7" count="1" type="stmt"/>
          <line num="8" count="1" type="stmt"/>
          <line num="36" count="1" type="stmt"/>
        </file>
        <file name="signup.jsx" path="/home/kfbr392/Documents/repos/lean_gains/src/components/auth/signup.jsx">
          <metrics statements="3" coveredstatements="3" conditionals="2" coveredconditionals="2" methods="1" coveredmethods="1"/>
          <line num="7" count="1" type="stmt"/>
          <line num="15" count="1" type="stmt"/>
          <line num="67" count="1" type="stmt"/>
        </file>
      </package>
      <package name="src.components.calorie_result">
        <metrics statements="9" coveredstatements="9" conditionals="2" coveredconditionals="1" methods="3" coveredmethods="3"/>
        <file name="calore_target_label.jsx" path="/home/kfbr392/Documents/repos/lean_gains/src/components/calorie_result/calore_target_label.jsx">
          <metrics statements="3" coveredstatements="3" conditionals="2" coveredconditionals="1" methods="1" coveredmethods="1"/>
          <line num="5" count="2" type="stmt"/>
          <line num="6" count="1" type="cond" truecount="1" falsecount="1"/>
          <line num="10" count="2" type="stmt"/>
        </file>
        <file name="calorie_target_result_sum_label.jsx" path="/home/kfbr392/Documents/repos/lean_gains/src/components/calorie_result/calorie_target_result_sum_label.jsx">
          <metrics statements="3" coveredstatements="3" conditionals="0" coveredconditionals="0" methods="1" coveredmethods="1"/>
          <line num="5" count="1" type="stmt"/>
          <line num="6" count="1" type="stmt"/>
          <line num="14" count="1" type="stmt"/>
        </file>
        <file name="calorie_target_result_table.jsx" path="/home/kfbr392/Documents/repos/lean_gains/src/components/calorie_result/calorie_target_result_table.jsx">
          <metrics statements="3" coveredstatements="3" conditionals="0" coveredconditionals="0" methods="1" coveredmethods="1"/>
          <line num="14" count="1" type="stmt"/>
          <line num="15" count="1" type="stmt"/>
          <line num="52" count="1" type="stmt"/>
        </file>
      </package>
      <package name="src.components.calorie_target">
        <metrics statements="23" coveredstatements="11" conditionals="14" coveredconditionals="0" methods="12" coveredmethods="0"/>
        <file name="activity_level_selector.jsx" path="/home/kfbr392/Documents/repos/lean_gains/src/components/calorie_target/activity_level_selector.jsx">
          <metrics statements="2" coveredstatements="1" conditionals="0" coveredconditionals="0" methods="1" coveredmethods="0"/>
          <line num="6" count="1" type="stmt"/>
          <line num="7" count="0" type="stmt"/>
        </file>
        <file name="bmr_calculation_selector.jsx" path="/home/kfbr392/Documents/repos/lean_gains/src/components/calorie_target/bmr_calculation_selector.jsx">
          <metrics statements="2" coveredstatements="1" conditionals="0" coveredconditionals="0" methods="1" coveredmethods="0"/>
          <line num="6" count="1" type="stmt"/>
          <line num="7" count="0" type="stmt"/>
        </file>
        <file name="body_fat_field.jsx" path="/home/kfbr392/Documents/repos/lean_gains/src/components/calorie_target/body_fat_field.jsx">
          <metrics statements="3" coveredstatements="2" conditionals="2" coveredconditionals="0" methods="1" coveredmethods="0"/>
          <line num="6" count="1" type="stmt"/>
          <line num="7" count="0" type="cond" truecount="0" falsecount="2"/>
          <line num="20" count="1" type="stmt"/>
        </file>
        <file name="calorie_split_selector.jsx" path="/home/kfbr392/Documents/repos/lean_gains/src/components/calorie_target/calorie_split_selector.jsx">
          <metrics statements="2" coveredstatements="1" conditionals="0" coveredconditionals="0" methods="1" coveredmethods="0"/>
          <line num="6" count="1" type="stmt"/>
          <line num="7" count="0" type="stmt"/>
        </file>
        <file name="custom_calorie_field.jsx" path="/home/kfbr392/Documents/repos/lean_gains/src/components/calorie_target/custom_calorie_field.jsx">
          <metrics statements="3" coveredstatements="2" conditionals="2" coveredconditionals="0" methods="1" coveredmethods="0"/>
          <line num="6" count="1" type="stmt"/>
          <line num="12" count="0" type="cond" truecount="0" falsecount="2"/>
          <line num="40" count="1" type="stmt"/>
        </file>
        <file name="fat_mathod_selector.jsx" path="/home/kfbr392/Documents/repos/lean_gains/src/components/calorie_target/fat_mathod_selector.jsx">
          <metrics statements="2" coveredstatements="1" conditionals="0" coveredconditionals="0" methods="1" coveredmethods="0"/>
          <line num="7" count="1" type="stmt"/>
          <line num="8" count="0" type="stmt"/>
        </file>
        <file name="fat_selector.jsx" path="/home/kfbr392/Documents/repos/lean_gains/src/components/calorie_target/fat_selector.jsx">
          <metrics statements="7" coveredstatements="2" conditionals="10" coveredconditionals="0" methods="5" coveredmethods="0"/>
          <line num="7" count="1" type="stmt"/>
          <line num="14" count="0" type="cond" truecount="0" falsecount="2"/>
          <line num="20" count="0" type="cond" truecount="0" falsecount="2"/>
          <line num="27" count="0" type="cond" truecount="0" falsecount="2"/>
          <line num="39" count="0" type="cond" truecount="0" falsecount="2"/>
          <line num="48" count="0" type="cond" truecount="0" falsecount="2"/>
          <line num="58" count="1" type="stmt"/>
        </file>
        <file name="protein_field.jsx" path="/home/kfbr392/Documents/repos/lean_gains/src/components/calorie_target/protein_field.jsx">
          <metrics statements="2" coveredstatements="1" conditionals="0" coveredconditionals="0" methods="1" coveredmethods="0"/>
          <line num="5" count="1" type="stmt"/>
          <line num="6" count="0" type="stmt"/>
        </file>
      </package>
      <package name="src.components.layout">
        <metrics statements="28" coveredstatements="16" conditionals="10" coveredconditionals="0" methods="12" coveredmethods="0"/>
        <file name="authenticated_header.jsx" path="/home/kfbr392/Documents/repos/lean_gains/src/components/layout/authenticated_header.jsx">
          <metrics statements="3" coveredstatements="2" conditionals="0" coveredconditionals="0" methods="1" coveredmethods="0"/>
          <line num="14" count="1" type="stmt"/>
          <line num="25" count="0" type="stmt"/>
          <line num="34" count="1" type="stmt"/>
        </file>
        <file name="exercises.jsx" path="/home/kfbr392/Documents/repos/lean_gains/src/components/layout/exercises.jsx">
          <metrics statements="4" coveredstatements="2" conditionals="2" coveredconditionals="0" methods="2" coveredmethods="0"/>
          <line num="13" count="1" type="stmt"/>
          <line num="14" count="0" type="stmt"/>
          <line num="26" count="0" type="stmt"/>
          <line num="36" count="1" type="stmt"/>
        </file>
        <file name="macros.jsx" path="/home/kfbr392/Documents/repos/lean_gains/src/components/layout/macros.jsx">
          <metrics statements="5" coveredstatements="3" conditionals="2" coveredconditionals="0" methods="2" coveredmethods="0"/>
          <line num="12" count="1" type="stmt"/>
          <line num="42" count="1" type="stmt"/>
          <line num="43" count="0" type="stmt"/>
          <line num="52" count="1" type="stmt"/>
          <line num="66" count="0" type="stmt"/>
        </file>
        <file name="main.jsx" path="/home/kfbr392/Documents/repos/lean_gains/src/components/layout/main.jsx">
          <metrics statements="3" coveredstatements="2" conditionals="0" coveredconditionals="0" methods="1" coveredmethods="0"/>
          <line num="6" count="1" type="stmt"/>
          <line num="7" count="0" type="stmt"/>
          <line num="13" count="1" type="stmt"/>
        </file>
        <file name="router_navigation.jsx" path="/home/kfbr392/Documents/repos/lean_gains/src/components/layout/router_navigation.jsx">
          <metrics statements="4" coveredstatements="1" conditionals="0" coveredconditionals="0" methods="3" coveredmethods="0"/>
          <line num="7" count="1" type="stmt"/>
          <line num="8" count="0" type="stmt"/>
          <line num="9" count="0" type="stmt"/>
          <line num="13" count="0" type="stmt"/>
        </file>
        <file name="save_indicator.jsx" path="/home/kfbr392/Documents/repos/lean_gains/src/components/layout/save_indicator.jsx">
          <metrics statements="3" coveredstatements="2" conditionals="2" coveredconditionals="0" methods="1" coveredmethods="0"/>
          <line num="6" count="1" type="stmt"/>
          <line num="7" count="0" type="stmt"/>
          <line num="11" count="1" type="stmt"/>
        </file>
        <file name="unauth_header.jsx" path="/home/kfbr392/Documents/repos/lean_gains/src/components/layout/unauth_header.jsx">
          <metrics statements="3" coveredstatements="2" conditionals="2" coveredconditionals="0" methods="1" coveredmethods="0"/>
          <line num="13" count="1" type="stmt"/>
          <line num="14" count="0" type="stmt"/>
          <line num="29" count="1" type="stmt"/>
        </file>
        <file name="user.jsx" path="/home/kfbr392/Documents/repos/lean_gains/src/components/layout/user.jsx">
          <metrics statements="3" coveredstatements="2" conditionals="2" coveredconditionals="0" methods="1" coveredmethods="0"/>
          <line num="6" count="1" type="stmt"/>
          <line num="7" count="0" type="stmt"/>
          <line num="14" count="1" type="stmt"/>
        </file>
      </package>
      <package name="src.containers.calorie_target">
        <metrics statements="48" coveredstatements="5" conditionals="30" coveredconditionals="0" methods="15" coveredmethods="0"/>
        <file name="calorie_target_calculator.jsx" path="/home/kfbr392/Documents/repos/lean_gains/src/containers/calorie_target/calorie_target_calculator.jsx">
          <metrics statements="48" coveredstatements="5" conditionals="30" coveredconditionals="0" methods="15" coveredmethods="0"/>
          <line num="23" count="0" type="stmt"/>
          <line num="24" count="0" type="stmt"/>
          <line num="25" count="0" type="cond" truecount="0" falsecount="2"/>
          <line num="26" count="0" type="stmt"/>
          <line num="27" count="0" type="stmt"/>
          <line num="29" count="0" type="cond" truecount="0" falsecount="2"/>
          <line num="30" count="0" type="stmt"/>
          <line num="31" count="0" type="stmt"/>
          <line num="33" count="0" type="cond" truecount="0" falsecount="2"/>
          <line num="34" count="0" type="stmt"/>
          <line num="35" count="0" type="stmt"/>
          <line num="49" count="0" type="stmt"/>
          <line num="50" count="0" type="stmt"/>
          <line num="51" count="0" type="stmt"/>
          <line num="52" count="0" type="stmt"/>
          <line num="57" count="0" type="cond" truecount="0" falsecount="2"/>
          <line num="58" count="0" type="stmt"/>
          <line num="60" count="0" type="cond" truecount="0" falsecount="2"/>
          <line num="61" count="0" type="stmt"/>
          <line num="63" count="0" type="cond" truecount="0" falsecount="2"/>
          <line num="64" count="0" type="stmt"/>
          <line num="65" count="0" type="cond" truecount="0" falsecount="2"/>
          <line num="66" count="0" type="stmt"/>
          <line num="83" count="0" type="stmt"/>
          <line num="85" count="0" type="stmt"/>
          <line num="86" count="0" type="stmt"/>
          <line num="87" count="0" type="stmt"/>
          <line num="88" count="0" type="stmt"/>
          <line num="94" count="0" type="cond" truecount="0" falsecount="12"/>
          <line num="106" count="0" type="stmt"/>
          <line num="110" count="0" type="stmt"/>
          <line num="114" count="0" type="stmt"/>
          <line num="115" count="0" type="stmt"/>
          <line num="126" count="0" type="stmt"/>
          <line num="127" count="0" type="stmt"/>
          <line num="131" count="0" type="stmt"/>
          <line num="138" count="0" type="cond" truecount="0" falsecount="2"/>
          <line num="146" count="0" type="cond" truecount="0" falsecount="2"/>
          <line num="170" count="1" type="stmt"/>
          <line num="209" count="1" type="stmt"/>
          <line num="212" count="1" type="stmt"/>
          <line num="225" count="1" type="stmt"/>
          <line num="226" count="0" type="stmt"/>
          <line num="231" count="1" type="stmt"/>
          <line num="232" count="0" type="stmt"/>
          <line num="234" count="0" type="stmt"/>
          <line num="238" count="0" type="stmt"/>
          <line num="255" count="0" type="stmt"/>
        </file>
      </package>
      <package name="src.containers.enhancers">
        <metrics statements="13" coveredstatements="5" conditionals="6" coveredconditionals="0" methods="9" coveredmethods="2"/>
        <file name="with_data_check.jsx" path="/home/kfbr392/Documents/repos/lean_gains/src/containers/enhancers/with_data_check.jsx">
          <metrics statements="13" coveredstatements="5" conditionals="6" coveredconditionals="0" methods="9" coveredmethods="2"/>
          <line num="5" count="1" type="stmt"/>
          <line num="11" count="1" type="stmt"/>
          <line num="12" count="1" type="stmt"/>
          <line num="13" count="0" type="stmt"/>
          <line num="16" count="0" type="stmt"/>
          <line num="18" count="0" type="stmt"/>
          <line num="21" count="0" type="cond" truecount="0" falsecount="2"/>
          <line num="22" count="0" type="cond" truecount="0" falsecount="2"/>
          <line num="23" count="0" type="stmt"/>
          <line num="27" count="0" type="cond" truecount="0" falsecount="2"/>
          <line num="30" count="1" type="stmt"/>
          <line num="31" count="0" type="stmt"/>
          <line num="35" count="1" type="stmt"/>
        </file>
      </package>
      <package name="src.containers.layout">
        <metrics statements="5" coveredstatements="3" conditionals="2" coveredconditionals="0" methods="3" coveredmethods="0"/>
        <file name="header.jsx" path="/home/kfbr392/Documents/repos/lean_gains/src/containers/layout/header.jsx">
          <metrics statements="5" coveredstatements="3" conditionals="2" coveredconditionals="0" methods="3" coveredmethods="0"/>
          <line num="18" count="1" type="stmt"/>
          <line num="31" count="0" type="stmt"/>
          <line num="44" count="0" type="stmt"/>
          <line num="56" count="1" type="stmt"/>
          <line num="67" count="1" type="stmt"/>
        </file>
      </package>
      <package name="src.services">
        <metrics statements="0" coveredstatements="0" conditionals="0" coveredconditionals="0" methods="0" coveredmethods="0"/>
        <file name="request.js" path="/home/kfbr392/Documents/repos/lean_gains/src/services/request.js">
          <metrics statements="0" coveredstatements="0" conditionals="0" coveredconditionals="0" methods="0" coveredmethods="0"/>
        </file>
      </package>
      <package name="src.store.actionCreators">
        <metrics statements="48" coveredstatements="22" conditionals="0" coveredconditionals="0" methods="43" coveredmethods="0"/>
        <file name="app_action_creators.js" path="/home/kfbr392/Documents/repos/lean_gains/src/store/actionCreators/app_action_creators.js">
          <metrics statements="16" coveredstatements="16" conditionals="0" coveredconditionals="0" methods="16" coveredmethods="0"/>
          <line num="3" count="1" type="stmt"/>
          <line num="8" count="1" type="stmt"/>
          <line num="13" count="1" type="stmt"/>
          <line num="15" count="1" type="stmt"/>
          <line num="19" count="1" type="stmt"/>
          <line num="21" count="1" type="stmt"/>
          <line num="23" count="1" type="stmt"/>
          <line num="25" count="1" type="stmt"/>
          <line num="27" count="1" type="stmt"/>
          <line num="32" count="1" type="stmt"/>
          <line num="37" count="1" type="stmt"/>
          <line num="42" count="1" type="stmt"/>
          <line num="44" count="1" type="stmt"/>
          <line num="46" count="1" type="stmt"/>
          <line num="48" count="1" type="stmt"/>
          <line num="50" count="1" type="stmt"/>
        </file>
        <file name="user_details_action_creators.js" path="/home/kfbr392/Documents/repos/lean_gains/src/store/actionCreators/user_details_action_creators.js">
          <metrics statements="32" coveredstatements="6" conditionals="0" coveredconditionals="0" methods="27" coveredmethods="0"/>
          <line num="6" count="1" type="stmt"/>
          <line num="7" count="0" type="stmt"/>
          <line num="10" count="0" type="stmt"/>
          <line num="15" count="0" type="stmt"/>
          <line num="17" count="1" type="stmt"/>
          <line num="18" count="0" type="stmt"/>
          <line num="21" count="0" type="stmt"/>
          <line num="26" count="0" type="stmt"/>
          <line num="28" count="1" type="stmt"/>
          <line num="29" count="0" type="stmt"/>
          <line num="32" count="0" type="stmt"/>
          <line num="37" count="0" type="stmt"/>
          <line num="40" count="1" type="stmt"/>
          <line num="41" count="0" type="stmt"/>
          <line num="44" count="0" type="stmt"/>
          <line num="46" count="0" type="stmt"/>
          <line num="48" count="1" type="stmt"/>
          <line num="49" count="0" type="stmt"/>
          <line num="50" count="0" type="stmt"/>
          <line num="53" count="0" type="stmt"/>
          <line num="57" count="0" type="stmt"/>
          <line num="60" count="0" type="stmt"/>
          <line num="64" count="0" type="stmt"/>
          <line num="67" count="0" type="stmt"/>
          <line num="71" count="0" type="stmt"/>
          <line num="74" count="0" type="stmt"/>
          <line num="75" count="0" type="stmt"/>
          <line num="77" count="0" type="stmt"/>
          <line num="80" count="1" type="stmt"/>
          <line num="81" count="0" type="stmt"/>
          <line num="84" count="0" type="stmt"/>
          <line num="86" count="0" type="stmt"/>
        </file>
      </package>
      <package name="src.store.actions">
        <metrics statements="45" coveredstatements="45" conditionals="0" coveredconditionals="0" methods="0" coveredmethods="0"/>
        <file name="app_actions.js" path="/home/kfbr392/Documents/repos/lean_gains/src/store/actions/app_actions.js">
          <metrics statements="21" coveredstatements="21" conditionals="0" coveredconditionals="0" methods="0" coveredmethods="0"/>
          <line num="1" count="3" type="stmt"/>
          <line num="2" count="3" type="stmt"/>
          <line num="3" count="3" type="stmt"/>
          <line num="4" count="3" type="stmt"/>
          <line num="5" count="3" type="stmt"/>
          <line num="6" count="3" type="stmt"/>
          <line num="7" count="3" type="stmt"/>
          <line num="8" count="3" type="stmt"/>
          <line num="9" count="3" type="stmt"/>
          <line num="10" count="3" type="stmt"/>
          <line num="11" count="3" type="stmt"/>
          <line num="12" count="3" type="stmt"/>
          <line num="13" count="3" type="stmt"/>
          <line num="14" count="3" type="stmt"/>
          <line num="15" count="3" type="stmt"/>
          <line num="16" count="3" type="stmt"/>
          <line num="17" count="3" type="stmt"/>
          <line num="18" count="3" type="stmt"/>
          <line num="19" count="3" type="stmt"/>
          <line num="20" count="3" type="stmt"/>
          <line num="21" count="3" type="stmt"/>
        </file>
        <file name="auth_actions.js" path="/home/kfbr392/Documents/repos/lean_gains/src/store/actions/auth_actions.js">
          <metrics statements="4" coveredstatements="4" conditionals="0" coveredconditionals="0" methods="0" coveredmethods="0"/>
          <line num="1" count="1" type="stmt"/>
          <line num="2" count="1" type="stmt"/>
          <line num="3" count="1" type="stmt"/>
          <line num="4" count="1" type="stmt"/>
        </file>
        <file name="daily_logs_actions.js" path="/home/kfbr392/Documents/repos/lean_gains/src/store/actions/daily_logs_actions.js">
          <metrics statements="6" coveredstatements="6" conditionals="0" coveredconditionals="0" methods="0" coveredmethods="0"/>
          <line num="1" count="1" type="stmt"/>
          <line num="2" count="1" type="stmt"/>
          <line num="3" count="1" type="stmt"/>
          <line num="4" count="1" type="stmt"/>
          <line num="5" count="1" type="stmt"/>
          <line num="6" count="1" type="stmt"/>
        </file>
        <file name="user_details_actions.js" path="/home/kfbr392/Documents/repos/lean_gains/src/store/actions/user_details_actions.js">
          <metrics statements="8" coveredstatements="8" conditionals="0" coveredconditionals="0" methods="0" coveredmethods="0"/>
          <line num="1" count="2" type="stmt"/>
          <line num="2" count="2" type="stmt"/>
          <line num="3" count="2" type="stmt"/>
          <line num="4" count="2" type="stmt"/>
          <line num="5" count="2" type="stmt"/>
          <line num="6" count="2" type="stmt"/>
          <line num="7" count="2" type="stmt"/>
          <line num="8" count="2" type="stmt"/>
        </file>
        <file name="workout_logs_actions.js" path="/home/kfbr392/Documents/repos/lean_gains/src/store/actions/workout_logs_actions.js">
          <metrics statements="6" coveredstatements="6" conditionals="0" coveredconditionals="0" methods="0" coveredmethods="0"/>
          <line num="1" count="1" type="stmt"/>
          <line num="2" count="1" type="stmt"/>
          <line num="3" count="1" type="stmt"/>
          <line num="4" count="1" type="stmt"/>
          <line num="5" count="1" type="stmt"/>
          <line num="6" count="1" type="stmt"/>
        </file>
      </package>
      <package name="src.store.reducers">
        <metrics statements="76" coveredstatements="70" conditionals="50" coveredconditionals="44" methods="22" coveredmethods="22"/>
        <file name="app.js" path="/home/kfbr392/Documents/repos/lean_gains/src/store/reducers/app.js">
          <metrics statements="22" coveredstatements="21" conditionals="20" coveredconditionals="19" methods="1" coveredmethods="1"/>
          <line num="6" count="1" type="stmt"/>
          <line num="17" count="1" type="cond" truecount="1" falsecount="0"/>
          <line num="18" count="22" type="cond" truecount="18" falsecount="1"/>
          <line num="20" count="1" type="stmt"/>
          <line num="24" count="1" type="stmt"/>
          <line num="28" count="1" type="stmt"/>
          <line num="30" count="1" type="stmt"/>
          <line num="32" count="1" type="stmt"/>
          <line num="34" count="2" type="stmt"/>
          <line num="36" count="1" type="stmt"/>
          <line num="38" count="1" type="stmt"/>
          <line num="40" count="2" type="stmt"/>
          <line num="42" count="2" type="stmt"/>
          <line num="44" count="1" type="stmt"/>
          <line num="46" count="1" type="stmt"/>
          <line num="48" count="1" type="stmt"/>
          <line num="50" count="2" type="stmt"/>
          <line num="52" count="1" type="stmt"/>
          <line num="54" count="1" type="stmt"/>
          <line num="56" count="1" type="stmt"/>
          <line num="58" count="1" type="stmt"/>
          <line num="60" count="0" type="stmt"/>
        </file>
        <file name="auth.js" path="/home/kfbr392/Documents/repos/lean_gains/src/store/reducers/auth.js">
          <metrics statements="10" coveredstatements="9" conditionals="5" coveredconditionals="4" methods="3" coveredmethods="3"/>
          <line num="5" count="1" type="stmt"/>
          <line num="10" count="1" type="stmt"/>
          <line num="11" count="1" type="stmt"/>
          <line num="12" count="1" type="stmt"/>
          <line num="22" count="1" type="cond" truecount="1" falsecount="0"/>
          <line num="23" count="3" type="cond" truecount="3" falsecount="1"/>
          <line num="25" count="1" type="stmt"/>
          <line num="27" count="1" type="stmt"/>
          <line num="29" count="1" type="stmt"/>
          <line num="31" count="0" type="stmt"/>
        </file>
        <file name="daily_logs.js" path="/home/kfbr392/Documents/repos/lean_gains/src/store/reducers/daily_logs.js">
          <metrics statements="12" coveredstatements="11" conditionals="8" coveredconditionals="7" methods="6" coveredmethods="6"/>
          <line num="6" count="1" type="stmt"/>
          <line num="7" count="1" type="stmt"/>
          <line num="10" count="1" type="cond" truecount="1" falsecount="0"/>
          <line num="11" count="7" type="cond" truecount="6" falsecount="1"/>
          <line num="13" count="1" type="stmt"/>
          <line num="15" count="1" type="stmt"/>
          <line num="17" count="1" type="stmt"/>
          <line num="18" count="1" type="stmt"/>
          <line num="21" count="1" type="stmt"/>
          <line num="23" count="1" type="stmt"/>
          <line num="25" count="2" type="stmt"/>
          <line num="27" count="0" type="stmt"/>
        </file>
        <file name="user_details.js" path="/home/kfbr392/Documents/repos/lean_gains/src/store/reducers/user_details.js">
          <metrics statements="20" coveredstatements="18" conditionals="9" coveredconditionals="7" methods="6" coveredmethods="6"/>
          <line num="6" count="1" type="stmt"/>
          <line num="12" count="1" type="stmt"/>
          <line num="13" count="3" type="stmt"/>
          <line num="14" count="3" type="stmt"/>
          <line num="21" count="1" type="stmt"/>
          <line num="22" count="1" type="stmt"/>
          <line num="24" count="1" type="stmt"/>
          <line num="25" count="2" type="stmt"/>
          <line num="27" count="1" type="stmt"/>
          <line num="28" count="1" type="stmt"/>
          <line num="30" count="1" type="cond" truecount="1" falsecount="0"/>
          <line num="31" count="9" type="cond" truecount="6" falsecount="2"/>
          <line num="33" count="0" type="stmt"/>
          <line num="35" count="1" type="stmt"/>
          <line num="37" count="1" type="stmt"/>
          <line num="39" count="1" type="stmt"/>
          <line num="41" count="2" type="stmt"/>
          <line num="43" count="1" type="stmt"/>
          <line num="45" count="3" type="stmt"/>
          <line num="47" count="0" type="stmt"/>
        </file>
        <file name="workout_logs.js" path="/home/kfbr392/Documents/repos/lean_gains/src/store/reducers/workout_logs.js">
          <metrics statements="12" coveredstatements="11" conditionals="8" coveredconditionals="7" methods="6" coveredmethods="6"/>
          <line num="6" count="1" type="stmt"/>
          <line num="7" count="1" type="stmt"/>
          <line num="10" count="1" type="cond" truecount="1" falsecount="0"/>
          <line num="11" count="8" type="cond" truecount="6" falsecount="1"/>
          <line num="13" count="1" type="stmt"/>
          <line num="15" count="2" type="stmt"/>
          <line num="17" count="1" type="stmt"/>
          <line num="19" count="1" type="stmt"/>
          <line num="21" count="1" type="stmt"/>
          <line num="22" count="1" type="stmt"/>
          <line num="25" count="2" type="stmt"/>
          <line num="27" count="0" type="stmt"/>
        </file>
      </package>
      <package name="src.store.selectors">
        <metrics statements="83" coveredstatements="82" conditionals="38" coveredconditionals="30" methods="49" coveredmethods="49"/>
        <file name="age.js" path="/home/kfbr392/Documents/repos/lean_gains/src/store/selectors/age.js">
          <metrics statements="3" coveredstatements="3" conditionals="2" coveredconditionals="2" methods="2" coveredmethods="2"/>
          <line num="4" count="17" type="stmt"/>
          <line num="6" count="3" type="stmt"/>
          <line num="7" count="5" type="cond" truecount="2" falsecount="0"/>
        </file>
        <file name="calorie_target.js" path="/home/kfbr392/Documents/repos/lean_gains/src/store/selectors/calorie_target.js">
          <metrics statements="22" coveredstatements="22" conditionals="0" coveredconditionals="0" methods="5" coveredmethods="5"/>
          <line num="8" count="2" type="stmt"/>
          <line num="10" count="15" type="stmt"/>
          <line num="12" count="15" type="stmt"/>
          <line num="14" count="2" type="stmt"/>
          <line num="15" count="15" type="stmt"/>
          <line num="17" count="2" type="stmt"/>
          <line num="18" count="15" type="stmt"/>
          <line num="34" count="2" type="stmt"/>
          <line num="52" count="15" type="stmt"/>
          <line num="59" count="15" type="stmt"/>
          <line num="72" count="15" type="stmt"/>
          <line num="74" count="15" type="stmt"/>
          <line num="82" count="15" type="stmt"/>
          <line num="90" count="15" type="stmt"/>
          <line num="99" count="15" type="stmt"/>
          <line num="108" count="15" type="stmt"/>
          <line num="112" count="15" type="stmt"/>
          <line num="117" count="15" type="stmt"/>
          <line num="123" count="15" type="stmt"/>
          <line num="129" count="15" type="stmt"/>
          <line num="135" count="15" type="stmt"/>
          <line num="142" count="15" type="stmt"/>
        </file>
        <file name="current_kcal_target.js" path="/home/kfbr392/Documents/repos/lean_gains/src/store/selectors/current_kcal_target.js">
          <metrics statements="3" coveredstatements="3" conditionals="4" coveredconditionals="4" methods="3" coveredmethods="3"/>
          <line num="5" count="4" type="stmt"/>
          <line num="7" count="4" type="cond" truecount="4" falsecount="0"/>
          <line num="11" count="2" type="stmt"/>
        </file>
        <file name="current_macros.js" path="/home/kfbr392/Documents/repos/lean_gains/src/store/selectors/current_macros.js">
          <metrics statements="5" coveredstatements="5" conditionals="6" coveredconditionals="3" methods="3" coveredmethods="3"/>
          <line num="7" count="2" type="stmt"/>
          <line num="9" count="2" type="stmt"/>
          <line num="11" count="2" type="stmt"/>
          <line num="13" count="2" type="stmt"/>
          <line num="14" count="2" type="cond" truecount="1" falsecount="1"/>
        </file>
        <file name="current_weight.js" path="/home/kfbr392/Documents/repos/lean_gains/src/store/selectors/current_weight.js">
          <metrics statements="2" coveredstatements="2" conditionals="2" coveredconditionals="2" methods="2" coveredmethods="2"/>
          <line num="4" count="2" type="stmt"/>
          <line num="6" count="2" type="cond" truecount="2" falsecount="0"/>
        </file>
        <file name="exercises.js" path="/home/kfbr392/Documents/repos/lean_gains/src/store/selectors/exercises.js">
          <metrics statements="27" coveredstatements="26" conditionals="8" coveredconditionals="6" methods="14" coveredmethods="14"/>
          <line num="6" count="3" type="stmt"/>
          <line num="7" count="5" type="stmt"/>
          <line num="9" count="15" type="stmt"/>
          <line num="12" count="3" type="stmt"/>
          <line num="13" count="1" type="stmt"/>
          <line num="15" count="3" type="stmt"/>
          <line num="17" count="3" type="stmt"/>
          <line num="19" count="7" type="stmt"/>
          <line num="22" count="7" type="stmt"/>
          <line num="23" count="12" type="cond" truecount="1" falsecount="1"/>
          <line num="28" count="7" type="stmt"/>
          <line num="29" count="2" type="stmt"/>
          <line num="31" count="2" type="stmt"/>
          <line num="33" count="2" type="stmt"/>
          <line num="35" count="2" type="cond" truecount="2" falsecount="0"/>
          <line num="40" count="14" type="stmt"/>
          <line num="42" count="14" type="stmt"/>
          <line num="45" count="3" type="stmt"/>
          <line num="46" count="7" type="stmt"/>
          <line num="50" count="7" type="stmt"/>
          <line num="54" count="7" type="stmt"/>
          <line num="57" count="3" type="stmt"/>
          <line num="58" count="7" type="cond" truecount="3" falsecount="1"/>
          <line num="60" count="5" type="stmt"/>
          <line num="62" count="1" type="stmt"/>
          <line num="64" count="1" type="stmt"/>
          <line num="66" count="0" type="stmt"/>
        </file>
        <file name="log_selector.js" path="/home/kfbr392/Documents/repos/lean_gains/src/store/selectors/log_selector.js">
          <metrics statements="9" coveredstatements="9" conditionals="6" coveredconditionals="5" methods="8" coveredmethods="8"/>
          <line num="4" count="2" type="stmt"/>
          <line num="7" count="2" type="stmt"/>
          <line num="8" count="2" type="stmt"/>
          <line num="16" count="1" type="stmt"/>
          <line num="17" count="2" type="stmt"/>
          <line num="18" count="5" type="stmt"/>
          <line num="22" count="2" type="cond" truecount="2" falsecount="0"/>
          <line num="24" count="1" type="stmt"/>
          <line num="25" count="2" type="cond" truecount="1" falsecount="1"/>
        </file>
        <file name="month_log.js" path="/home/kfbr392/Documents/repos/lean_gains/src/store/selectors/month_log.js">
          <metrics statements="6" coveredstatements="6" conditionals="4" coveredconditionals="3" methods="6" coveredmethods="6"/>
          <line num="4" count="2" type="stmt"/>
          <line num="8" count="1" type="stmt"/>
          <line num="9" count="5" type="stmt"/>
          <line num="11" count="2" type="cond" truecount="2" falsecount="0"/>
          <line num="13" count="1" type="stmt"/>
          <line num="14" count="2" type="cond" truecount="1" falsecount="1"/>
        </file>
        <file name="todays_log.js" path="/home/kfbr392/Documents/repos/lean_gains/src/store/selectors/todays_log.js">
          <metrics statements="6" coveredstatements="6" conditionals="6" coveredconditionals="5" methods="6" coveredmethods="6"/>
          <line num="4" count="6" type="stmt"/>
          <line num="7" count="1" type="stmt"/>
          <line num="8" count="12" type="cond" truecount="2" falsecount="0"/>
          <line num="12" count="2" type="cond" truecount="2" falsecount="0"/>
          <line num="14" count="1" type="stmt"/>
          <line num="15" count="2" type="cond" truecount="1" falsecount="1"/>
        </file>
      </package>
      <package name="src.store.selectors.calorie_target">
        <metrics statements="33" coveredstatements="33" conditionals="14" coveredconditionals="11" methods="18" coveredmethods="18"/>
        <file name="base.js" path="/home/kfbr392/Documents/repos/lean_gains/src/store/selectors/calorie_target/base.js">
          <metrics statements="15" coveredstatements="15" conditionals="2" coveredconditionals="2" methods="8" coveredmethods="8"/>
          <line num="3" count="2" type="stmt"/>
          <line num="4" count="14" type="cond" truecount="2" falsecount="0"/>
          <line num="8" count="2" type="stmt"/>
          <line num="10" count="2" type="stmt"/>
          <line num="11" count="1" type="stmt"/>
          <line num="13" count="2" type="stmt"/>
          <line num="14" count="30" type="stmt"/>
          <line num="16" count="2" type="stmt"/>
          <line num="17" count="30" type="stmt"/>
          <line num="19" count="2" type="stmt"/>
          <line num="20" count="180" type="stmt"/>
          <line num="22" count="2" type="stmt"/>
          <line num="23" count="11" type="stmt"/>
          <line num="30" count="2" type="stmt"/>
          <line num="31" count="4" type="stmt"/>
        </file>
        <file name="calorie_calculators.js" path="/home/kfbr392/Documents/repos/lean_gains/src/store/selectors/calorie_target/calorie_calculators.js">
          <metrics statements="18" coveredstatements="18" conditionals="12" coveredconditionals="9" methods="10" coveredmethods="10"/>
          <line num="5" count="120" type="cond" truecount="1" falsecount="1"/>
          <line num="7" count="2" type="stmt"/>
          <line num="8" count="15" type="cond" truecount="2" falsecount="0"/>
          <line num="12" count="2" type="stmt"/>
          <line num="13" count="15" type="cond" truecount="2" falsecount="0"/>
          <line num="18" count="2" type="stmt"/>
          <line num="19" count="15" type="cond" truecount="1" falsecount="1"/>
          <line num="23" count="2" type="stmt"/>
          <line num="24" count="60" type="cond" truecount="1" falsecount="1"/>
          <line num="30" count="2" type="stmt"/>
          <line num="31" count="30" type="stmt"/>
          <line num="33" count="15" type="stmt"/>
          <line num="35" count="2" type="stmt"/>
          <line num="36" count="15" type="stmt"/>
          <line num="38" count="2" type="stmt"/>
          <line num="46" count="30" type="stmt"/>
          <line num="53" count="2" type="stmt"/>
          <line num="54" count="60" type="stmt"/>
        </file>
      </package>
    </metrics>
  </project>
</coverage>
