{"/home/kfbr392/Documents/repos/lean_gains/shared/test_constants.js": {"path":"/home/kfbr392/Documents/repos/lean_gains/shared/test_constants.js","statementMap":{"0":{"start":{"line":1,"column":15},"end":{"line":1,"column":32}},"1":{"start":{"line":3,"column":22},"end":{"line":6,"column":1}},"2":{"start":{"line":8,"column":18},"end":{"line":63,"column":1}},"3":{"start":{"line":65,"column":13},"end":{"line":70,"column":1}},"4":{"start":{"line":72,"column":20},"end":{"line":109,"column":1}},"5":{"start":{"line":111,"column":20},"end":{"line":116,"column":1}},"6":{"start":{"line":118,"column":27},"end":{"line":132,"column":1}},"7":{"start":{"line":134,"column":23},"end":{"line":150,"column":1}},"8":{"start":{"line":152,"column":24},"end":{"line":156,"column":1}},"9":{"start":{"line":158,"column":20},"end":{"line":220,"column":1}},"10":{"start":{"line":222,"column":0},"end":{"line":232,"column":2}}},"fnMap":{},"branchMap":{},"s":{"0":11,"1":11,"2":11,"3":11,"4":11,"5":11,"6":11,"7":11,"8":11,"9":11,"10":11},"f":{},"b":{},"_coverageSchema":"332fd63041d2c1bcb487cc26dd0d5f7d97098a6c","hash":"4f636c2a407c8c0a133b55cfb5831c14d017e0f6"}
,"/home/kfbr392/Documents/repos/lean_gains/src/components/centered_submit_button.jsx": {"path":"/home/kfbr392/Documents/repos/lean_gains/src/components/centered_submit_button.jsx","statementMap":{"0":{"start":{"line":4,"column":29},"end":{"line":5,"column":31}},"1":{"start":{"line":5,"column":4},"end":{"line":5,"column":31}}},"fnMap":{"0":{"name":"(anonymous_0)","decl":{"start":{"line":4,"column":29},"end":{"line":4,"column":30}},"loc":{"start":{"line":5,"column":4},"end":{"line":5,"column":31}},"line":5}},"branchMap":{},"s":{"0":1,"1":0},"f":{"0":0},"b":{},"_coverageSchema":"332fd63041d2c1bcb487cc26dd0d5f7d97098a6c","hash":"b35f906c3c8cef2070c182770e23646b400ae5a0"}
,"/home/kfbr392/Documents/repos/lean_gains/src/components/current_slider.jsx": {"path":"/home/kfbr392/Documents/repos/lean_gains/src/components/current_slider.jsx","statementMap":{"0":{"start":{"line":6,"column":22},"end":{"line":15,"column":8}},"1":{"start":{"line":7,"column":2},"end":{"line":15,"column":8}}},"fnMap":{"0":{"name":"(anonymous_0)","decl":{"start":{"line":6,"column":22},"end":{"line":6,"column":23}},"loc":{"start":{"line":7,"column":2},"end":{"line":15,"column":8}},"line":7}},"branchMap":{"0":{"loc":{"start":{"line":12,"column":18},"end":{"line":12,"column":68}},"type":"cond-expr","locations":[{"start":{"line":12,"column":47},"end":{"line":12,"column":48}},{"start":{"line":12,"column":51},"end":{"line":12,"column":68}}],"line":12}},"s":{"0":1,"1":0},"f":{"0":0},"b":{"0":[0,0]},"_coverageSchema":"332fd63041d2c1bcb487cc26dd0d5f7d97098a6c","hash":"8b9f784863bde72a267e1fa5f9d92eb4d52be4fb"}
,"/home/kfbr392/Documents/repos/lean_gains/src/components/submit_button.jsx": {"path":"/home/kfbr392/Documents/repos/lean_gains/src/components/submit_button.jsx","statementMap":{"0":{"start":{"line":5,"column":21},"end":{"line":5,"column":88}},"1":{"start":{"line":5,"column":36},"end":{"line":5,"column":88}},"2":{"start":{"line":7,"column":0},"end":{"line":9,"column":2}}},"fnMap":{"0":{"name":"(anonymous_0)","decl":{"start":{"line":5,"column":21},"end":{"line":5,"column":22}},"loc":{"start":{"line":5,"column":36},"end":{"line":5,"column":88}},"line":5}},"branchMap":{},"s":{"0":2,"1":1,"2":2},"f":{"0":1},"b":{},"_coverageSchema":"332fd63041d2c1bcb487cc26dd0d5f7d97098a6c","hash":"e6f129aa12d4a43c360edf429d9728e061641ead"}
,"/home/kfbr392/Documents/repos/lean_gains/src/components/auth/google_login_button.jsx": {"path":"/home/kfbr392/Documents/repos/lean_gains/src/components/auth/google_login_button.jsx","statementMap":{"0":{"start":{"line":4,"column":26},"end":{"line":10,"column":4}},"1":{"start":{"line":5,"column":2},"end":{"line":10,"column":4}}},"fnMap":{"0":{"name":"(anonymous_0)","decl":{"start":{"line":4,"column":26},"end":{"line":4,"column":27}},"loc":{"start":{"line":5,"column":2},"end":{"line":10,"column":4}},"line":5}},"branchMap":{},"s":{"0":1,"1":0},"f":{"0":0},"b":{},"_coverageSchema":"332fd63041d2c1bcb487cc26dd0d5f7d97098a6c","hash":"d686d14c640d76a3d1e14f92632db184e86e7909"}
,"/home/kfbr392/Documents/repos/lean_gains/src/components/auth/login.jsx": {"path":"/home/kfbr392/Documents/repos/lean_gains/src/components/auth/login.jsx","statementMap":{"0":{"start":{"line":7,"column":23},"end":{"line":34,"column":8}},"1":{"start":{"line":8,"column":2},"end":{"line":34,"column":8}},"2":{"start":{"line":36,"column":0},"end":{"line":39,"column":2}}},"fnMap":{"0":{"name":"(anonymous_0)","decl":{"start":{"line":7,"column":23},"end":{"line":7,"column":24}},"loc":{"start":{"line":8,"column":2},"end":{"line":34,"column":8}},"line":8}},"branchMap":{},"s":{"0":1,"1":1,"2":1},"f":{"0":1},"b":{},"_coverageSchema":"332fd63041d2c1bcb487cc26dd0d5f7d97098a6c","hash":"c31343d03773f14fe5af92ead67da944d65b2339"}
,"/home/kfbr392/Documents/repos/lean_gains/src/components/auth/signup.jsx": {"path":"/home/kfbr392/Documents/repos/lean_gains/src/components/auth/signup.jsx","statementMap":{"0":{"start":{"line":7,"column":24},"end":{"line":65,"column":8}},"1":{"start":{"line":15,"column":2},"end":{"line":65,"column":8}},"2":{"start":{"line":67,"column":0},"end":{"line":72,"column":2}}},"fnMap":{"0":{"name":"(anonymous_0)","decl":{"start":{"line":7,"column":24},"end":{"line":7,"column":25}},"loc":{"start":{"line":15,"column":2},"end":{"line":65,"column":8}},"line":15}},"branchMap":{"0":{"loc":{"start":{"line":60,"column":22},"end":{"line":60,"column":43}},"type":"binary-expr","locations":[{"start":{"line":60,"column":22},"end":{"line":60,"column":29}},{"start":{"line":60,"column":33},"end":{"line":60,"column":43}}],"line":60}},"s":{"0":1,"1":1,"2":1},"f":{"0":1},"b":{"0":[1,1]},"_coverageSchema":"332fd63041d2c1bcb487cc26dd0d5f7d97098a6c","hash":"eda90a62d47ea81d19b5aee79f15f3dbf6cd99d2"}
,"/home/kfbr392/Documents/repos/lean_gains/src/components/calorie_result/calore_target_label.jsx": {"path":"/home/kfbr392/Documents/repos/lean_gains/src/components/calorie_result/calore_target_label.jsx","statementMap":{"0":{"start":{"line":5,"column":27},"end":{"line":8,"column":39}},"1":{"start":{"line":6,"column":2},"end":{"line":8,"column":39}},"2":{"start":{"line":10,"column":0},"end":{"line":12,"column":2}}},"fnMap":{"0":{"name":"(anonymous_0)","decl":{"start":{"line":5,"column":27},"end":{"line":5,"column":28}},"loc":{"start":{"line":6,"column":2},"end":{"line":8,"column":39}},"line":6}},"branchMap":{"0":{"loc":{"start":{"line":6,"column":2},"end":{"line":8,"column":39}},"type":"cond-expr","locations":[{"start":{"line":7,"column":6},"end":{"line":7,"column":43}},{"start":{"line":8,"column":6},"end":{"line":8,"column":39}}],"line":6}},"s":{"0":2,"1":1,"2":2},"f":{"0":1},"b":{"0":[0,1]},"_coverageSchema":"332fd63041d2c1bcb487cc26dd0d5f7d97098a6c","hash":"3b51f4ec3f6372cf7c13d7de5ed91e734438cbce"}
,"/home/kfbr392/Documents/repos/lean_gains/src/components/calorie_result/calorie_target_result_sum_label.jsx": {"path":"/home/kfbr392/Documents/repos/lean_gains/src/components/calorie_result/calorie_target_result_sum_label.jsx","statementMap":{"0":{"start":{"line":5,"column":36},"end":{"line":12,"column":8}},"1":{"start":{"line":6,"column":2},"end":{"line":12,"column":8}},"2":{"start":{"line":14,"column":0},"end":{"line":28,"column":2}}},"fnMap":{"0":{"name":"(anonymous_0)","decl":{"start":{"line":5,"column":36},"end":{"line":5,"column":37}},"loc":{"start":{"line":6,"column":2},"end":{"line":12,"column":8}},"line":6}},"branchMap":{},"s":{"0":1,"1":1,"2":1},"f":{"0":1},"b":{},"_coverageSchema":"332fd63041d2c1bcb487cc26dd0d5f7d97098a6c","hash":"0a042224e05b30b103ff6b68a5f33cb0f7cbf68a"}
,"/home/kfbr392/Documents/repos/lean_gains/src/components/calorie_result/calorie_target_result_table.jsx": {"path":"/home/kfbr392/Documents/repos/lean_gains/src/components/calorie_result/calorie_target_result_table.jsx","statementMap":{"0":{"start":{"line":14,"column":33},"end":{"line":50,"column":10}},"1":{"start":{"line":15,"column":2},"end":{"line":50,"column":10}},"2":{"start":{"line":52,"column":0},"end":{"line":72,"column":2}}},"fnMap":{"0":{"name":"(anonymous_0)","decl":{"start":{"line":14,"column":33},"end":{"line":14,"column":34}},"loc":{"start":{"line":15,"column":2},"end":{"line":50,"column":10}},"line":15}},"branchMap":{},"s":{"0":1,"1":1,"2":1},"f":{"0":1},"b":{},"_coverageSchema":"332fd63041d2c1bcb487cc26dd0d5f7d97098a6c","hash":"78491a10ce31025a60fcb955a85d1bab155bfe56"}
,"/home/kfbr392/Documents/repos/lean_gains/src/components/calorie_target/activity_level_selector.jsx": {"path":"/home/kfbr392/Documents/repos/lean_gains/src/components/calorie_target/activity_level_selector.jsx","statementMap":{"0":{"start":{"line":6,"column":29},"end":{"line":18,"column":10}},"1":{"start":{"line":7,"column":2},"end":{"line":18,"column":10}}},"fnMap":{"0":{"name":"(anonymous_0)","decl":{"start":{"line":6,"column":29},"end":{"line":6,"column":30}},"loc":{"start":{"line":7,"column":2},"end":{"line":18,"column":10}},"line":7}},"branchMap":{},"s":{"0":1,"1":0},"f":{"0":0},"b":{},"_coverageSchema":"332fd63041d2c1bcb487cc26dd0d5f7d97098a6c","hash":"973d29438707bf28dc45b86ff6fe6ef961aa0eb7"}
,"/home/kfbr392/Documents/repos/lean_gains/src/components/calorie_target/bmr_calculation_selector.jsx": {"path":"/home/kfbr392/Documents/repos/lean_gains/src/components/calorie_target/bmr_calculation_selector.jsx","statementMap":{"0":{"start":{"line":6,"column":31},"end":{"line":21,"column":10}},"1":{"start":{"line":7,"column":2},"end":{"line":21,"column":10}}},"fnMap":{"0":{"name":"(anonymous_0)","decl":{"start":{"line":6,"column":31},"end":{"line":6,"column":32}},"loc":{"start":{"line":7,"column":2},"end":{"line":21,"column":10}},"line":7}},"branchMap":{},"s":{"0":1,"1":0},"f":{"0":0},"b":{},"_coverageSchema":"332fd63041d2c1bcb487cc26dd0d5f7d97098a6c","hash":"2761bff3de559b354772d84ba7609f40e92a2c71"}
,"/home/kfbr392/Documents/repos/lean_gains/src/components/calorie_target/body_fat_field.jsx": {"path":"/home/kfbr392/Documents/repos/lean_gains/src/components/calorie_target/body_fat_field.jsx","statementMap":{"0":{"start":{"line":6,"column":21},"end":{"line":18,"column":10}},"1":{"start":{"line":7,"column":2},"end":{"line":18,"column":10}},"2":{"start":{"line":20,"column":0},"end":{"line":22,"column":1}}},"fnMap":{"0":{"name":"(anonymous_0)","decl":{"start":{"line":6,"column":21},"end":{"line":6,"column":22}},"loc":{"start":{"line":7,"column":2},"end":{"line":18,"column":10}},"line":7}},"branchMap":{"0":{"loc":{"start":{"line":7,"column":2},"end":{"line":18,"column":10}},"type":"cond-expr","locations":[{"start":{"line":8,"column":6},"end":{"line":17,"column":8}},{"start":{"line":18,"column":6},"end":{"line":18,"column":10}}],"line":7}},"s":{"0":1,"1":0,"2":1},"f":{"0":0},"b":{"0":[0,0]},"_coverageSchema":"332fd63041d2c1bcb487cc26dd0d5f7d97098a6c","hash":"6a85e9ba759b994eb4349eeeece5add865779805"}
,"/home/kfbr392/Documents/repos/lean_gains/src/components/calorie_target/calorie_split_selector.jsx": {"path":"/home/kfbr392/Documents/repos/lean_gains/src/components/calorie_target/calorie_split_selector.jsx","statementMap":{"0":{"start":{"line":6,"column":29},"end":{"line":17,"column":10}},"1":{"start":{"line":7,"column":2},"end":{"line":17,"column":10}}},"fnMap":{"0":{"name":"(anonymous_0)","decl":{"start":{"line":6,"column":29},"end":{"line":6,"column":30}},"loc":{"start":{"line":7,"column":2},"end":{"line":17,"column":10}},"line":7}},"branchMap":{},"s":{"0":1,"1":0},"f":{"0":0},"b":{},"_coverageSchema":"332fd63041d2c1bcb487cc26dd0d5f7d97098a6c","hash":"48a3c60ff983408dd1fbf22c9ee6ca95a84e5686"}
,"/home/kfbr392/Documents/repos/lean_gains/src/components/calorie_target/custom_calorie_field.jsx": {"path":"/home/kfbr392/Documents/repos/lean_gains/src/components/calorie_target/custom_calorie_field.jsx","statementMap":{"0":{"start":{"line":6,"column":27},"end":{"line":38,"column":10}},"1":{"start":{"line":12,"column":2},"end":{"line":38,"column":10}},"2":{"start":{"line":40,"column":0},"end":{"line":45,"column":1}}},"fnMap":{"0":{"name":"(anonymous_0)","decl":{"start":{"line":6,"column":27},"end":{"line":6,"column":28}},"loc":{"start":{"line":12,"column":2},"end":{"line":38,"column":10}},"line":12}},"branchMap":{"0":{"loc":{"start":{"line":12,"column":2},"end":{"line":38,"column":10}},"type":"cond-expr","locations":[{"start":{"line":13,"column":6},"end":{"line":37,"column":12}},{"start":{"line":38,"column":6},"end":{"line":38,"column":10}}],"line":12}},"s":{"0":1,"1":0,"2":1},"f":{"0":0},"b":{"0":[0,0]},"_coverageSchema":"332fd63041d2c1bcb487cc26dd0d5f7d97098a6c","hash":"dcc3b3a69b70bb91bfa3a6412a66847418ec598e"}
,"/home/kfbr392/Documents/repos/lean_gains/src/components/calorie_target/fat_mathod_selector.jsx": {"path":"/home/kfbr392/Documents/repos/lean_gains/src/components/calorie_target/fat_mathod_selector.jsx","statementMap":{"0":{"start":{"line":7,"column":26},"end":{"line":16,"column":10}},"1":{"start":{"line":8,"column":2},"end":{"line":16,"column":10}}},"fnMap":{"0":{"name":"(anonymous_0)","decl":{"start":{"line":7,"column":26},"end":{"line":7,"column":27}},"loc":{"start":{"line":8,"column":2},"end":{"line":16,"column":10}},"line":8}},"branchMap":{},"s":{"0":1,"1":0},"f":{"0":0},"b":{},"_coverageSchema":"332fd63041d2c1bcb487cc26dd0d5f7d97098a6c","hash":"f3345fef4a917a43e2d8c36f9a85e6e6abdc966c"}
,"/home/kfbr392/Documents/repos/lean_gains/src/components/calorie_target/fat_selector.jsx": {"path":"/home/kfbr392/Documents/repos/lean_gains/src/components/calorie_target/fat_selector.jsx","statementMap":{"0":{"start":{"line":7,"column":20},"end":{"line":56,"column":12}},"1":{"start":{"line":14,"column":2},"end":{"line":56,"column":12}},"2":{"start":{"line":20,"column":28},"end":{"line":20,"column":52}},"3":{"start":{"line":27,"column":28},"end":{"line":27,"column":52}},"4":{"start":{"line":39,"column":28},"end":{"line":39,"column":52}},"5":{"start":{"line":48,"column":28},"end":{"line":48,"column":52}},"6":{"start":{"line":58,"column":0},"end":{"line":64,"column":2}}},"fnMap":{"0":{"name":"(anonymous_0)","decl":{"start":{"line":7,"column":20},"end":{"line":7,"column":21}},"loc":{"start":{"line":14,"column":2},"end":{"line":56,"column":12}},"line":14},"1":{"name":"(anonymous_1)","decl":{"start":{"line":20,"column":18},"end":{"line":20,"column":19}},"loc":{"start":{"line":20,"column":28},"end":{"line":20,"column":52}},"line":20},"2":{"name":"(anonymous_2)","decl":{"start":{"line":27,"column":18},"end":{"line":27,"column":19}},"loc":{"start":{"line":27,"column":28},"end":{"line":27,"column":52}},"line":27},"3":{"name":"(anonymous_3)","decl":{"start":{"line":39,"column":18},"end":{"line":39,"column":19}},"loc":{"start":{"line":39,"column":28},"end":{"line":39,"column":52}},"line":39},"4":{"name":"(anonymous_4)","decl":{"start":{"line":48,"column":18},"end":{"line":48,"column":19}},"loc":{"start":{"line":48,"column":28},"end":{"line":48,"column":52}},"line":48}},"branchMap":{"0":{"loc":{"start":{"line":14,"column":2},"end":{"line":56,"column":12}},"type":"cond-expr","locations":[{"start":{"line":15,"column":6},"end":{"line":35,"column":12}},{"start":{"line":36,"column":6},"end":{"line":56,"column":12}}],"line":14},"1":{"loc":{"start":{"line":20,"column":28},"end":{"line":20,"column":52}},"type":"cond-expr","locations":[{"start":{"line":20,"column":43},"end":{"line":20,"column":44}},{"start":{"line":20,"column":47},"end":{"line":20,"column":52}}],"line":20},"2":{"loc":{"start":{"line":27,"column":28},"end":{"line":27,"column":52}},"type":"cond-expr","locations":[{"start":{"line":27,"column":43},"end":{"line":27,"column":44}},{"start":{"line":27,"column":47},"end":{"line":27,"column":52}}],"line":27},"3":{"loc":{"start":{"line":39,"column":28},"end":{"line":39,"column":52}},"type":"cond-expr","locations":[{"start":{"line":39,"column":43},"end":{"line":39,"column":44}},{"start":{"line":39,"column":47},"end":{"line":39,"column":52}}],"line":39},"4":{"loc":{"start":{"line":48,"column":28},"end":{"line":48,"column":52}},"type":"cond-expr","locations":[{"start":{"line":48,"column":43},"end":{"line":48,"column":44}},{"start":{"line":48,"column":47},"end":{"line":48,"column":52}}],"line":48}},"s":{"0":1,"1":0,"2":0,"3":0,"4":0,"5":0,"6":1},"f":{"0":0,"1":0,"2":0,"3":0,"4":0},"b":{"0":[0,0],"1":[0,0],"2":[0,0],"3":[0,0],"4":[0,0]},"_coverageSchema":"332fd63041d2c1bcb487cc26dd0d5f7d97098a6c","hash":"5bf55178595a4ed26181b101e28de2c09b192c7f"}
,"/home/kfbr392/Documents/repos/lean_gains/src/components/calorie_target/protein_field.jsx": {"path":"/home/kfbr392/Documents/repos/lean_gains/src/components/calorie_target/protein_field.jsx","statementMap":{"0":{"start":{"line":5,"column":21},"end":{"line":15,"column":4}},"1":{"start":{"line":6,"column":2},"end":{"line":15,"column":4}}},"fnMap":{"0":{"name":"(anonymous_0)","decl":{"start":{"line":5,"column":21},"end":{"line":5,"column":22}},"loc":{"start":{"line":6,"column":2},"end":{"line":15,"column":4}},"line":6}},"branchMap":{},"s":{"0":1,"1":0},"f":{"0":0},"b":{},"_coverageSchema":"332fd63041d2c1bcb487cc26dd0d5f7d97098a6c","hash":"a69227744204e09e3bff2ffbaabf335c6f97e009"}
,"/home/kfbr392/Documents/repos/lean_gains/src/components/layout/authenticated_header.jsx": {"path":"/home/kfbr392/Documents/repos/lean_gains/src/components/layout/authenticated_header.jsx","statementMap":{"0":{"start":{"line":14,"column":28},"end":{"line":32,"column":12}},"1":{"start":{"line":25,"column":2},"end":{"line":32,"column":12}},"2":{"start":{"line":34,"column":0},"end":{"line":42,"column":2}}},"fnMap":{"0":{"name":"(anonymous_0)","decl":{"start":{"line":14,"column":28},"end":{"line":14,"column":29}},"loc":{"start":{"line":25,"column":2},"end":{"line":32,"column":12}},"line":25}},"branchMap":{},"s":{"0":1,"1":0,"2":1},"f":{"0":0},"b":{},"_coverageSchema":"332fd63041d2c1bcb487cc26dd0d5f7d97098a6c","hash":"0df0c416e94c51f451ada2e9b7f9046c1e680a62"}
,"/home/kfbr392/Documents/repos/lean_gains/src/components/layout/exercises.jsx": {"path":"/home/kfbr392/Documents/repos/lean_gains/src/components/layout/exercises.jsx","statementMap":{"0":{"start":{"line":13,"column":18},"end":{"line":34,"column":17}},"1":{"start":{"line":14,"column":2},"end":{"line":34,"column":17}},"2":{"start":{"line":26,"column":12},"end":{"line":30,"column":14}},"3":{"start":{"line":36,"column":0},"end":{"line":38,"column":2}}},"fnMap":{"0":{"name":"(anonymous_0)","decl":{"start":{"line":13,"column":18},"end":{"line":13,"column":19}},"loc":{"start":{"line":14,"column":2},"end":{"line":34,"column":17}},"line":14},"1":{"name":"(anonymous_1)","decl":{"start":{"line":25,"column":27},"end":{"line":25,"column":28}},"loc":{"start":{"line":26,"column":12},"end":{"line":30,"column":14}},"line":26}},"branchMap":{"0":{"loc":{"start":{"line":24,"column":7},"end":{"line":32,"column":76}},"type":"cond-expr","locations":[{"start":{"line":25,"column":10},"end":{"line":31,"column":11}},{"start":{"line":32,"column":10},"end":{"line":32,"column":76}}],"line":24}},"s":{"0":1,"1":0,"2":0,"3":1},"f":{"0":0,"1":0},"b":{"0":[0,0]},"_coverageSchema":"332fd63041d2c1bcb487cc26dd0d5f7d97098a6c","hash":"0d7e942cc7c397ad36aa2a283f747e3d45f6737a"}
,"/home/kfbr392/Documents/repos/lean_gains/src/components/layout/macros.jsx": {"path":"/home/kfbr392/Documents/repos/lean_gains/src/components/layout/macros.jsx","statementMap":{"0":{"start":{"line":12,"column":21},"end":{"line":41,"column":1}},"1":{"start":{"line":42,"column":15},"end":{"line":50,"column":17}},"2":{"start":{"line":43,"column":2},"end":{"line":50,"column":17}},"3":{"start":{"line":52,"column":0},"end":{"line":60,"column":2}},"4":{"start":{"line":66,"column":4},"end":{"line":68,"column":19}}},"fnMap":{"0":{"name":"(anonymous_0)","decl":{"start":{"line":42,"column":15},"end":{"line":42,"column":16}},"loc":{"start":{"line":43,"column":2},"end":{"line":50,"column":17}},"line":43},"1":{"name":"(anonymous_1)","decl":{"start":{"line":65,"column":2},"end":{"line":65,"column":3}},"loc":{"start":{"line":66,"column":4},"end":{"line":68,"column":19}},"line":66}},"branchMap":{"0":{"loc":{"start":{"line":44,"column":5},"end":{"line":49,"column":10}},"type":"cond-expr","locations":[{"start":{"line":45,"column":8},"end":{"line":45,"column":28}},{"start":{"line":46,"column":8},"end":{"line":49,"column":10}}],"line":44}},"s":{"0":1,"1":1,"2":0,"3":1,"4":0},"f":{"0":0,"1":0},"b":{"0":[0,0]},"_coverageSchema":"332fd63041d2c1bcb487cc26dd0d5f7d97098a6c","hash":"8e30e755c496d0c9969c974ab6389a43fe9cc62a"}
,"/home/kfbr392/Documents/repos/lean_gains/src/components/layout/main.jsx": {"path":"/home/kfbr392/Documents/repos/lean_gains/src/components/layout/main.jsx","statementMap":{"0":{"start":{"line":6,"column":13},"end":{"line":11,"column":17}},"1":{"start":{"line":7,"column":2},"end":{"line":11,"column":17}},"2":{"start":{"line":13,"column":0},"end":{"line":15,"column":2}}},"fnMap":{"0":{"name":"(anonymous_0)","decl":{"start":{"line":6,"column":13},"end":{"line":6,"column":14}},"loc":{"start":{"line":7,"column":2},"end":{"line":11,"column":17}},"line":7}},"branchMap":{},"s":{"0":1,"1":0,"2":1},"f":{"0":0},"b":{},"_coverageSchema":"332fd63041d2c1bcb487cc26dd0d5f7d97098a6c","hash":"ceec8a7a424a52ec770500f34d587624aeea3275"}
,"/home/kfbr392/Documents/repos/lean_gains/src/components/layout/router_navigation.jsx": {"path":"/home/kfbr392/Documents/repos/lean_gains/src/components/layout/router_navigation.jsx","statementMap":{"0":{"start":{"line":7,"column":25},"end":{"line":18,"column":17}},"1":{"start":{"line":8,"column":2},"end":{"line":18,"column":17}},"2":{"start":{"line":9,"column":34},"end":{"line":9,"column":42}},"3":{"start":{"line":13,"column":24},"end":{"line":13,"column":35}}},"fnMap":{"0":{"name":"(anonymous_0)","decl":{"start":{"line":7,"column":25},"end":{"line":7,"column":26}},"loc":{"start":{"line":8,"column":2},"end":{"line":18,"column":17}},"line":8},"1":{"name":"(anonymous_1)","decl":{"start":{"line":9,"column":28},"end":{"line":9,"column":29}},"loc":{"start":{"line":9,"column":34},"end":{"line":9,"column":42}},"line":9},"2":{"name":"(anonymous_2)","decl":{"start":{"line":13,"column":18},"end":{"line":13,"column":19}},"loc":{"start":{"line":13,"column":24},"end":{"line":13,"column":35}},"line":13}},"branchMap":{},"s":{"0":1,"1":0,"2":0,"3":0},"f":{"0":0,"1":0,"2":0},"b":{},"_coverageSchema":"332fd63041d2c1bcb487cc26dd0d5f7d97098a6c","hash":"0704f95353f35f907380c87ce79c2000b86dd05d"}
,"/home/kfbr392/Documents/repos/lean_gains/src/components/layout/save_indicator.jsx": {"path":"/home/kfbr392/Documents/repos/lean_gains/src/components/layout/save_indicator.jsx","statementMap":{"0":{"start":{"line":6,"column":22},"end":{"line":9,"column":17}},"1":{"start":{"line":7,"column":2},"end":{"line":9,"column":17}},"2":{"start":{"line":11,"column":0},"end":{"line":13,"column":2}}},"fnMap":{"0":{"name":"(anonymous_0)","decl":{"start":{"line":6,"column":22},"end":{"line":6,"column":23}},"loc":{"start":{"line":7,"column":2},"end":{"line":9,"column":17}},"line":7}},"branchMap":{"0":{"loc":{"start":{"line":8,"column":5},"end":{"line":8,"column":62}},"type":"cond-expr","locations":[{"start":{"line":8,"column":17},"end":{"line":8,"column":37}},{"start":{"line":8,"column":40},"end":{"line":8,"column":62}}],"line":8}},"s":{"0":1,"1":0,"2":1},"f":{"0":0},"b":{"0":[0,0]},"_coverageSchema":"332fd63041d2c1bcb487cc26dd0d5f7d97098a6c","hash":"cc5fc5bee82b900a03768328a9141f544d7b06e9"}
,"/home/kfbr392/Documents/repos/lean_gains/src/components/layout/unauth_header.jsx": {"path":"/home/kfbr392/Documents/repos/lean_gains/src/components/layout/unauth_header.jsx","statementMap":{"0":{"start":{"line":13,"column":30},"end":{"line":27,"column":12}},"1":{"start":{"line":14,"column":2},"end":{"line":27,"column":12}},"2":{"start":{"line":29,"column":0},"end":{"line":31,"column":2}}},"fnMap":{"0":{"name":"(anonymous_0)","decl":{"start":{"line":13,"column":30},"end":{"line":13,"column":31}},"loc":{"start":{"line":14,"column":2},"end":{"line":27,"column":12}},"line":14}},"branchMap":{"0":{"loc":{"start":{"line":17,"column":7},"end":{"line":23,"column":17}},"type":"cond-expr","locations":[{"start":{"line":18,"column":10},"end":{"line":20,"column":17}},{"start":{"line":21,"column":10},"end":{"line":23,"column":17}}],"line":17}},"s":{"0":1,"1":0,"2":1},"f":{"0":0},"b":{"0":[0,0]},"_coverageSchema":"332fd63041d2c1bcb487cc26dd0d5f7d97098a6c","hash":"4652e983965aa508ceb29b523652adb914430566"}
,"/home/kfbr392/Documents/repos/lean_gains/src/components/layout/user.jsx": {"path":"/home/kfbr392/Documents/repos/lean_gains/src/components/layout/user.jsx","statementMap":{"0":{"start":{"line":6,"column":13},"end":{"line":12,"column":17}},"1":{"start":{"line":7,"column":2},"end":{"line":12,"column":17}},"2":{"start":{"line":14,"column":0},"end":{"line":17,"column":2}}},"fnMap":{"0":{"name":"(anonymous_0)","decl":{"start":{"line":6,"column":13},"end":{"line":6,"column":14}},"loc":{"start":{"line":7,"column":2},"end":{"line":12,"column":17}},"line":7}},"branchMap":{"0":{"loc":{"start":{"line":10,"column":7},"end":{"line":10,"column":72}},"type":"cond-expr","locations":[{"start":{"line":10,"column":15},"end":{"line":10,"column":59}},{"start":{"line":10,"column":62},"end":{"line":10,"column":72}}],"line":10}},"s":{"0":1,"1":0,"2":1},"f":{"0":0},"b":{"0":[0,0]},"_coverageSchema":"332fd63041d2c1bcb487cc26dd0d5f7d97098a6c","hash":"564156d431d15a948239f56b48823161e97c30af"}
,"/home/kfbr392/Documents/repos/lean_gains/src/containers/calorie_target/calorie_target_calculator.jsx": {"path":"/home/kfbr392/Documents/repos/lean_gains/src/containers/calorie_target/calorie_target_calculator.jsx","statementMap":{"0":{"start":{"line":23,"column":29},"end":{"line":23,"column":38}},"1":{"start":{"line":24,"column":23},"end":{"line":24,"column":28}},"2":{"start":{"line":25,"column":4},"end":{"line":28,"column":5}},"3":{"start":{"line":26,"column":6},"end":{"line":26,"column":29}},"4":{"start":{"line":27,"column":6},"end":{"line":27,"column":32}},"5":{"start":{"line":29,"column":4},"end":{"line":32,"column":5}},"6":{"start":{"line":30,"column":6},"end":{"line":30,"column":29}},"7":{"start":{"line":31,"column":6},"end":{"line":31,"column":32}},"8":{"start":{"line":33,"column":4},"end":{"line":36,"column":5}},"9":{"start":{"line":34,"column":6},"end":{"line":34,"column":29}},"10":{"start":{"line":35,"column":6},"end":{"line":35,"column":32}},"11":{"start":{"line":49,"column":24},"end":{"line":49,"column":64}},"12":{"start":{"line":50,"column":28},"end":{"line":50,"column":72}},"13":{"start":{"line":51,"column":30},"end":{"line":51,"column":76}},"14":{"start":{"line":52,"column":34},"end":{"line":55,"column":6}},"15":{"start":{"line":57,"column":4},"end":{"line":58,"column":51}},"16":{"start":{"line":58,"column":6},"end":{"line":58,"column":51}},"17":{"start":{"line":60,"column":4},"end":{"line":61,"column":59}},"18":{"start":{"line":61,"column":6},"end":{"line":61,"column":59}},"19":{"start":{"line":63,"column":4},"end":{"line":64,"column":62}},"20":{"start":{"line":64,"column":6},"end":{"line":64,"column":62}},"21":{"start":{"line":65,"column":4},"end":{"line":66,"column":70}},"22":{"start":{"line":66,"column":6},"end":{"line":66,"column":70}},"23":{"start":{"line":83,"column":8},"end":{"line":83,"column":18}},"24":{"start":{"line":85,"column":24},"end":{"line":85,"column":64}},"25":{"start":{"line":86,"column":28},"end":{"line":86,"column":72}},"26":{"start":{"line":87,"column":30},"end":{"line":87,"column":76}},"27":{"start":{"line":88,"column":34},"end":{"line":91,"column":6}},"28":{"start":{"line":94,"column":6},"end":{"line":105,"column":51}},"29":{"start":{"line":106,"column":4},"end":{"line":106,"column":18}},"30":{"start":{"line":110,"column":4},"end":{"line":110,"column":42}},"31":{"start":{"line":114,"column":4},"end":{"line":114,"column":57}},"32":{"start":{"line":115,"column":4},"end":{"line":115,"column":48}},"33":{"start":{"line":126,"column":8},"end":{"line":126,"column":18}},"34":{"start":{"line":127,"column":4},"end":{"line":166,"column":6}},"35":{"start":{"line":131,"column":12},"end":{"line":131,"column":72}},"36":{"start":{"line":138,"column":14},"end":{"line":138,"column":74}},"37":{"start":{"line":146,"column":14},"end":{"line":146,"column":74}},"38":{"start":{"line":170,"column":0},"end":{"line":207,"column":2}},"39":{"start":{"line":209,"column":17},"end":{"line":209,"column":52}},"40":{"start":{"line":212,"column":0},"end":{"line":223,"column":29}},"41":{"start":{"line":212,"column":44},"end":{"line":223,"column":1}},"42":{"start":{"line":225,"column":24},"end":{"line":229,"column":1}},"43":{"start":{"line":226,"column":2},"end":{"line":228,"column":4}},"44":{"start":{"line":231,"column":27},"end":{"line":257,"column":1}},"45":{"start":{"line":232,"column":2},"end":{"line":256,"column":4}},"46":{"start":{"line":234,"column":6},"end":{"line":253,"column":7}},"47":{"start":{"line":238,"column":12},"end":{"line":250,"column":61}},"48":{"start":{"line":255,"column":6},"end":{"line":255,"column":47}}},"fnMap":{"0":{"name":"(anonymous_0)","decl":{"start":{"line":22,"column":2},"end":{"line":22,"column":3}},"loc":{"start":{"line":22,"column":45},"end":{"line":37,"column":3}},"line":22},"1":{"name":"(anonymous_1)","decl":{"start":{"line":39,"column":2},"end":{"line":39,"column":3}},"loc":{"start":{"line":48,"column":4},"end":{"line":67,"column":3}},"line":48},"2":{"name":"(anonymous_2)","decl":{"start":{"line":69,"column":2},"end":{"line":69,"column":3}},"loc":{"start":{"line":77,"column":5},"end":{"line":107,"column":3}},"line":77},"3":{"name":"(anonymous_3)","decl":{"start":{"line":109,"column":2},"end":{"line":109,"column":3}},"loc":{"start":{"line":109,"column":22},"end":{"line":111,"column":3}},"line":109},"4":{"name":"(anonymous_4)","decl":{"start":{"line":113,"column":2},"end":{"line":113,"column":3}},"loc":{"start":{"line":113,"column":39},"end":{"line":116,"column":3}},"line":113},"5":{"name":"(anonymous_5)","decl":{"start":{"line":118,"column":2},"end":{"line":118,"column":3}},"loc":{"start":{"line":118,"column":11},"end":{"line":167,"column":3}},"line":118},"6":{"name":"(anonymous_6)","decl":{"start":{"line":130,"column":33},"end":{"line":130,"column":34}},"loc":{"start":{"line":131,"column":12},"end":{"line":131,"column":72}},"line":131},"7":{"name":"(anonymous_7)","decl":{"start":{"line":137,"column":23},"end":{"line":137,"column":24}},"loc":{"start":{"line":138,"column":14},"end":{"line":138,"column":74}},"line":138},"8":{"name":"(anonymous_8)","decl":{"start":{"line":145,"column":23},"end":{"line":145,"column":24}},"loc":{"start":{"line":146,"column":14},"end":{"line":146,"column":74}},"line":146},"9":{"name":"(anonymous_9)","decl":{"start":{"line":212,"column":34},"end":{"line":212,"column":35}},"loc":{"start":{"line":212,"column":44},"end":{"line":223,"column":1}},"line":212},"10":{"name":"(anonymous_10)","decl":{"start":{"line":225,"column":24},"end":{"line":225,"column":25}},"loc":{"start":{"line":225,"column":33},"end":{"line":229,"column":1}},"line":225},"11":{"name":"(anonymous_11)","decl":{"start":{"line":231,"column":27},"end":{"line":231,"column":28}},"loc":{"start":{"line":231,"column":39},"end":{"line":257,"column":1}},"line":231},"12":{"name":"(anonymous_12)","decl":{"start":{"line":233,"column":20},"end":{"line":233,"column":21}},"loc":{"start":{"line":234,"column":6},"end":{"line":253,"column":7}},"line":234},"13":{"name":"(anonymous_13)","decl":{"start":{"line":237,"column":30},"end":{"line":237,"column":31}},"loc":{"start":{"line":238,"column":12},"end":{"line":250,"column":61}},"line":238},"14":{"name":"(anonymous_14)","decl":{"start":{"line":254,"column":25},"end":{"line":254,"column":26}},"loc":{"start":{"line":255,"column":6},"end":{"line":255,"column":47}},"line":255}},"branchMap":{"0":{"loc":{"start":{"line":25,"column":4},"end":{"line":28,"column":5}},"type":"if","locations":[{"start":{"line":25,"column":4},"end":{"line":28,"column":5}},{"start":{"line":25,"column":4},"end":{"line":28,"column":5}}],"line":25},"1":{"loc":{"start":{"line":29,"column":4},"end":{"line":32,"column":5}},"type":"if","locations":[{"start":{"line":29,"column":4},"end":{"line":32,"column":5}},{"start":{"line":29,"column":4},"end":{"line":32,"column":5}}],"line":29},"2":{"loc":{"start":{"line":33,"column":4},"end":{"line":36,"column":5}},"type":"if","locations":[{"start":{"line":33,"column":4},"end":{"line":36,"column":5}},{"start":{"line":33,"column":4},"end":{"line":36,"column":5}}],"line":33},"3":{"loc":{"start":{"line":57,"column":4},"end":{"line":58,"column":51}},"type":"if","locations":[{"start":{"line":57,"column":4},"end":{"line":58,"column":51}},{"start":{"line":57,"column":4},"end":{"line":58,"column":51}}],"line":57},"4":{"loc":{"start":{"line":60,"column":4},"end":{"line":61,"column":59}},"type":"if","locations":[{"start":{"line":60,"column":4},"end":{"line":61,"column":59}},{"start":{"line":60,"column":4},"end":{"line":61,"column":59}}],"line":60},"5":{"loc":{"start":{"line":63,"column":4},"end":{"line":64,"column":62}},"type":"if","locations":[{"start":{"line":63,"column":4},"end":{"line":64,"column":62}},{"start":{"line":63,"column":4},"end":{"line":64,"column":62}}],"line":63},"6":{"loc":{"start":{"line":65,"column":4},"end":{"line":66,"column":70}},"type":"if","locations":[{"start":{"line":65,"column":4},"end":{"line":66,"column":70}},{"start":{"line":65,"column":4},"end":{"line":66,"column":70}}],"line":65},"7":{"loc":{"start":{"line":94,"column":6},"end":{"line":105,"column":51}},"type":"binary-expr","locations":[{"start":{"line":94,"column":6},"end":{"line":94,"column":62}},{"start":{"line":95,"column":6},"end":{"line":95,"column":40}},{"start":{"line":96,"column":6},"end":{"line":96,"column":38}},{"start":{"line":97,"column":6},"end":{"line":97,"column":46}},{"start":{"line":98,"column":6},"end":{"line":98,"column":36}},{"start":{"line":99,"column":6},"end":{"line":99,"column":44}},{"start":{"line":100,"column":6},"end":{"line":100,"column":41}},{"start":{"line":101,"column":6},"end":{"line":101,"column":47}},{"start":{"line":102,"column":6},"end":{"line":102,"column":32}},{"start":{"line":103,"column":6},"end":{"line":103,"column":40}},{"start":{"line":104,"column":6},"end":{"line":104,"column":43}},{"start":{"line":105,"column":6},"end":{"line":105,"column":51}}],"line":94},"8":{"loc":{"start":{"line":138,"column":14},"end":{"line":138,"column":74}},"type":"cond-expr","locations":[{"start":{"line":138,"column":42},"end":{"line":138,"column":66}},{"start":{"line":138,"column":69},"end":{"line":138,"column":74}}],"line":138},"9":{"loc":{"start":{"line":146,"column":14},"end":{"line":146,"column":74}},"type":"cond-expr","locations":[{"start":{"line":146,"column":42},"end":{"line":146,"column":66}},{"start":{"line":146,"column":69},"end":{"line":146,"column":74}}],"line":146}},"s":{"0":0,"1":0,"2":0,"3":0,"4":0,"5":0,"6":0,"7":0,"8":0,"9":0,"10":0,"11":0,"12":0,"13":0,"14":0,"15":0,"16":0,"17":0,"18":0,"19":0,"20":0,"21":0,"22":0,"23":0,"24":0,"25":0,"26":0,"27":0,"28":0,"29":0,"30":0,"31":0,"32":0,"33":0,"34":0,"35":0,"36":0,"37":0,"38":1,"39":1,"40":1,"41":0,"42":1,"43":0,"44":1,"45":0,"46":0,"47":0,"48":0},"f":{"0":0,"1":0,"2":0,"3":0,"4":0,"5":0,"6":0,"7":0,"8":0,"9":0,"10":0,"11":0,"12":0,"13":0,"14":0},"b":{"0":[0,0],"1":[0,0],"2":[0,0],"3":[0,0],"4":[0,0],"5":[0,0],"6":[0,0],"7":[0,0,0,0,0,0,0,0,0,0,0,0],"8":[0,0],"9":[0,0]},"_coverageSchema":"332fd63041d2c1bcb487cc26dd0d5f7d97098a6c","hash":"4bd04967b0e96bebb457ced93f5cb64641acc710"}
,"/home/kfbr392/Documents/repos/lean_gains/src/containers/enhancers/with_data_check.jsx": {"path":"/home/kfbr392/Documents/repos/lean_gains/src/containers/enhancers/with_data_check.jsx","statementMap":{"0":{"start":{"line":5,"column":27},"end":{"line":8,"column":2}},"1":{"start":{"line":5,"column":36},"end":{"line":8,"column":2}},"2":{"start":{"line":5,"column":45},"end":{"line":8,"column":1}},"3":{"start":{"line":11,"column":22},"end":{"line":36,"column":1}},"4":{"start":{"line":12,"column":20},"end":{"line":28,"column":3}},"5":{"start":{"line":13,"column":19},"end":{"line":19,"column":5}},"6":{"start":{"line":16,"column":16},"end":{"line":16,"column":49}},"7":{"start":{"line":18,"column":14},"end":{"line":18,"column":23}},"8":{"start":{"line":21,"column":4},"end":{"line":26,"column":5}},"9":{"start":{"line":22,"column":6},"end":{"line":25,"column":7}},"10":{"start":{"line":23,"column":8},"end":{"line":23,"column":36}},"11":{"start":{"line":27,"column":4},"end":{"line":27,"column":83}},"12":{"start":{"line":30,"column":26},"end":{"line":33,"column":4}},"13":{"start":{"line":30,"column":35},"end":{"line":33,"column":4}},"14":{"start":{"line":30,"column":45},"end":{"line":33,"column":3}},"15":{"start":{"line":31,"column":52},"end":{"line":31,"column":75}},"16":{"start":{"line":35,"column":2},"end":{"line":35,"column":52}}},"fnMap":{"0":{"name":"(anonymous_0)","decl":{"start":{"line":5,"column":27},"end":{"line":5,"column":28}},"loc":{"start":{"line":5,"column":36},"end":{"line":8,"column":2}},"line":5},"1":{"name":"(anonymous_1)","decl":{"start":{"line":5,"column":36},"end":{"line":5,"column":37}},"loc":{"start":{"line":5,"column":45},"end":{"line":8,"column":1}},"line":5},"2":{"name":"(anonymous_2)","decl":{"start":{"line":11,"column":22},"end":{"line":11,"column":23}},"loc":{"start":{"line":11,"column":77},"end":{"line":36,"column":1}},"line":11},"3":{"name":"(anonymous_3)","decl":{"start":{"line":12,"column":20},"end":{"line":12,"column":21}},"loc":{"start":{"line":12,"column":29},"end":{"line":28,"column":3}},"line":12},"4":{"name":"(anonymous_4)","decl":{"start":{"line":16,"column":8},"end":{"line":16,"column":9}},"loc":{"start":{"line":16,"column":16},"end":{"line":16,"column":49}},"line":16},"5":{"name":"(anonymous_5)","decl":{"start":{"line":18,"column":6},"end":{"line":18,"column":7}},"loc":{"start":{"line":18,"column":14},"end":{"line":18,"column":23}},"line":18},"6":{"name":"(anonymous_6)","decl":{"start":{"line":30,"column":26},"end":{"line":30,"column":27}},"loc":{"start":{"line":30,"column":35},"end":{"line":33,"column":4}},"line":30},"7":{"name":"(anonymous_7)","decl":{"start":{"line":30,"column":35},"end":{"line":30,"column":36}},"loc":{"start":{"line":30,"column":45},"end":{"line":33,"column":3}},"line":30},"8":{"name":"(anonymous_8)","decl":{"start":{"line":31,"column":43},"end":{"line":31,"column":44}},"loc":{"start":{"line":31,"column":52},"end":{"line":31,"column":75}},"line":31}},"branchMap":{"0":{"loc":{"start":{"line":21,"column":4},"end":{"line":26,"column":5}},"type":"if","locations":[{"start":{"line":21,"column":4},"end":{"line":26,"column":5}},{"start":{"line":21,"column":4},"end":{"line":26,"column":5}}],"line":21},"1":{"loc":{"start":{"line":22,"column":6},"end":{"line":25,"column":7}},"type":"if","locations":[{"start":{"line":22,"column":6},"end":{"line":25,"column":7}},{"start":{"line":22,"column":6},"end":{"line":25,"column":7}}],"line":22},"2":{"loc":{"start":{"line":27,"column":11},"end":{"line":27,"column":82}},"type":"cond-expr","locations":[{"start":{"line":27,"column":31},"end":{"line":27,"column":61}},{"start":{"line":27,"column":64},"end":{"line":27,"column":82}}],"line":27}},"s":{"0":1,"1":0,"2":0,"3":1,"4":1,"5":0,"6":0,"7":0,"8":0,"9":0,"10":0,"11":0,"12":1,"13":1,"14":0,"15":0,"16":1},"f":{"0":0,"1":0,"2":1,"3":0,"4":0,"5":0,"6":1,"7":0,"8":0},"b":{"0":[0,0],"1":[0,0],"2":[0,0]},"_coverageSchema":"332fd63041d2c1bcb487cc26dd0d5f7d97098a6c","hash":"4e561cf90e95092211b1e702979f21cd64d86e84"}
,"/home/kfbr392/Documents/repos/lean_gains/src/containers/layout/header.jsx": {"path":"/home/kfbr392/Documents/repos/lean_gains/src/containers/layout/header.jsx","statementMap":{"0":{"start":{"line":18,"column":24},"end":{"line":54,"column":8}},"1":{"start":{"line":31,"column":2},"end":{"line":54,"column":8}},"2":{"start":{"line":44,"column":29},"end":{"line":44,"column":42}},"3":{"start":{"line":56,"column":0},"end":{"line":65,"column":2}},"4":{"start":{"line":67,"column":24},"end":{"line":75,"column":2}},"5":{"start":{"line":67,"column":34},"end":{"line":75,"column":1}}},"fnMap":{"0":{"name":"(anonymous_0)","decl":{"start":{"line":18,"column":24},"end":{"line":18,"column":25}},"loc":{"start":{"line":31,"column":2},"end":{"line":54,"column":8}},"line":31},"1":{"name":"(anonymous_1)","decl":{"start":{"line":44,"column":23},"end":{"line":44,"column":24}},"loc":{"start":{"line":44,"column":29},"end":{"line":44,"column":42}},"line":44},"2":{"name":"(anonymous_2)","decl":{"start":{"line":67,"column":24},"end":{"line":67,"column":25}},"loc":{"start":{"line":67,"column":34},"end":{"line":75,"column":1}},"line":67}},"branchMap":{"0":{"loc":{"start":{"line":41,"column":5},"end":{"line":53,"column":10}},"type":"cond-expr","locations":[{"start":{"line":42,"column":8},"end":{"line":42,"column":53}},{"start":{"line":43,"column":8},"end":{"line":53,"column":10}}],"line":41}},"s":{"0":1,"1":0,"2":0,"3":1,"4":1,"5":0},"f":{"0":0,"1":0,"2":0},"b":{"0":[0,0]},"_coverageSchema":"332fd63041d2c1bcb487cc26dd0d5f7d97098a6c","hash":"08f103d348db13972e0e01748a2419a2649d4e5a"}
,"/home/kfbr392/Documents/repos/lean_gains/src/services/request.js": {"path":"/home/kfbr392/Documents/repos/lean_gains/src/services/request.js","statementMap":{},"fnMap":{},"branchMap":{},"s":{},"f":{},"b":{},"_coverageSchema":"332fd63041d2c1bcb487cc26dd0d5f7d97098a6c","hash":"726e0c38aa4a02f2ec7610bc27c92e39f677670a"}
,"/home/kfbr392/Documents/repos/lean_gains/src/store/actionCreators/app_action_creators.js": {"path":"/home/kfbr392/Documents/repos/lean_gains/src/store/actionCreators/app_action_creators.js","statementMap":{"0":{"start":{"line":3,"column":46},"end":{"line":6,"column":2}},"1":{"start":{"line":3,"column":56},"end":{"line":6,"column":1}},"2":{"start":{"line":8,"column":44},"end":{"line":11,"column":2}},"3":{"start":{"line":8,"column":54},"end":{"line":11,"column":1}},"4":{"start":{"line":13,"column":32},"end":{"line":13,"column":79}},"5":{"start":{"line":13,"column":39},"end":{"line":13,"column":78}},"6":{"start":{"line":15,"column":33},"end":{"line":17,"column":2}},"7":{"start":{"line":15,"column":40},"end":{"line":17,"column":1}},"8":{"start":{"line":19,"column":32},"end":{"line":19,"column":72}},"9":{"start":{"line":19,"column":39},"end":{"line":19,"column":71}},"10":{"start":{"line":21,"column":33},"end":{"line":21,"column":74}},"11":{"start":{"line":21,"column":40},"end":{"line":21,"column":73}},"12":{"start":{"line":23,"column":27},"end":{"line":23,"column":62}},"13":{"start":{"line":23,"column":34},"end":{"line":23,"column":61}},"14":{"start":{"line":25,"column":28},"end":{"line":25,"column":64}},"15":{"start":{"line":25,"column":35},"end":{"line":25,"column":63}},"16":{"start":{"line":27,"column":37},"end":{"line":30,"column":2}},"17":{"start":{"line":27,"column":45},"end":{"line":30,"column":1}},"18":{"start":{"line":32,"column":40},"end":{"line":35,"column":2}},"19":{"start":{"line":32,"column":48},"end":{"line":35,"column":1}},"20":{"start":{"line":37,"column":35},"end":{"line":40,"column":2}},"21":{"start":{"line":37,"column":43},"end":{"line":40,"column":1}},"22":{"start":{"line":42,"column":38},"end":{"line":42,"column":71}},"23":{"start":{"line":42,"column":45},"end":{"line":42,"column":70}},"24":{"start":{"line":44,"column":30},"end":{"line":44,"column":68}},"25":{"start":{"line":44,"column":37},"end":{"line":44,"column":67}},"26":{"start":{"line":46,"column":31},"end":{"line":46,"column":70}},"27":{"start":{"line":46,"column":38},"end":{"line":46,"column":69}},"28":{"start":{"line":48,"column":25},"end":{"line":48,"column":57}},"29":{"start":{"line":48,"column":32},"end":{"line":48,"column":56}},"30":{"start":{"line":50,"column":26},"end":{"line":50,"column":59}},"31":{"start":{"line":50,"column":33},"end":{"line":50,"column":58}}},"fnMap":{"0":{"name":"(anonymous_0)","decl":{"start":{"line":3,"column":46},"end":{"line":3,"column":47}},"loc":{"start":{"line":3,"column":56},"end":{"line":6,"column":1}},"line":3},"1":{"name":"(anonymous_1)","decl":{"start":{"line":8,"column":44},"end":{"line":8,"column":45}},"loc":{"start":{"line":8,"column":54},"end":{"line":11,"column":1}},"line":8},"2":{"name":"(anonymous_2)","decl":{"start":{"line":13,"column":32},"end":{"line":13,"column":33}},"loc":{"start":{"line":13,"column":39},"end":{"line":13,"column":78}},"line":13},"3":{"name":"(anonymous_3)","decl":{"start":{"line":15,"column":33},"end":{"line":15,"column":34}},"loc":{"start":{"line":15,"column":40},"end":{"line":17,"column":1}},"line":15},"4":{"name":"(anonymous_4)","decl":{"start":{"line":19,"column":32},"end":{"line":19,"column":33}},"loc":{"start":{"line":19,"column":39},"end":{"line":19,"column":71}},"line":19},"5":{"name":"(anonymous_5)","decl":{"start":{"line":21,"column":33},"end":{"line":21,"column":34}},"loc":{"start":{"line":21,"column":40},"end":{"line":21,"column":73}},"line":21},"6":{"name":"(anonymous_6)","decl":{"start":{"line":23,"column":27},"end":{"line":23,"column":28}},"loc":{"start":{"line":23,"column":34},"end":{"line":23,"column":61}},"line":23},"7":{"name":"(anonymous_7)","decl":{"start":{"line":25,"column":28},"end":{"line":25,"column":29}},"loc":{"start":{"line":25,"column":35},"end":{"line":25,"column":63}},"line":25},"8":{"name":"(anonymous_8)","decl":{"start":{"line":27,"column":37},"end":{"line":27,"column":38}},"loc":{"start":{"line":27,"column":45},"end":{"line":30,"column":1}},"line":27},"9":{"name":"(anonymous_9)","decl":{"start":{"line":32,"column":40},"end":{"line":32,"column":41}},"loc":{"start":{"line":32,"column":48},"end":{"line":35,"column":1}},"line":32},"10":{"name":"(anonymous_10)","decl":{"start":{"line":37,"column":35},"end":{"line":37,"column":36}},"loc":{"start":{"line":37,"column":43},"end":{"line":40,"column":1}},"line":37},"11":{"name":"(anonymous_11)","decl":{"start":{"line":42,"column":38},"end":{"line":42,"column":39}},"loc":{"start":{"line":42,"column":45},"end":{"line":42,"column":70}},"line":42},"12":{"name":"(anonymous_12)","decl":{"start":{"line":44,"column":30},"end":{"line":44,"column":31}},"loc":{"start":{"line":44,"column":37},"end":{"line":44,"column":67}},"line":44},"13":{"name":"(anonymous_13)","decl":{"start":{"line":46,"column":31},"end":{"line":46,"column":32}},"loc":{"start":{"line":46,"column":38},"end":{"line":46,"column":69}},"line":46},"14":{"name":"(anonymous_14)","decl":{"start":{"line":48,"column":25},"end":{"line":48,"column":26}},"loc":{"start":{"line":48,"column":32},"end":{"line":48,"column":56}},"line":48},"15":{"name":"(anonymous_15)","decl":{"start":{"line":50,"column":26},"end":{"line":50,"column":27}},"loc":{"start":{"line":50,"column":33},"end":{"line":50,"column":58}},"line":50}},"branchMap":{},"s":{"0":1,"1":0,"2":1,"3":0,"4":1,"5":0,"6":1,"7":0,"8":1,"9":0,"10":1,"11":0,"12":1,"13":0,"14":1,"15":0,"16":1,"17":0,"18":1,"19":0,"20":1,"21":0,"22":1,"23":0,"24":1,"25":0,"26":1,"27":0,"28":1,"29":0,"30":1,"31":0},"f":{"0":0,"1":0,"2":0,"3":0,"4":0,"5":0,"6":0,"7":0,"8":0,"9":0,"10":0,"11":0,"12":0,"13":0,"14":0,"15":0},"b":{},"_coverageSchema":"332fd63041d2c1bcb487cc26dd0d5f7d97098a6c","hash":"57c17b5381a837f2ae1f995d41ad36fa00a70db8"}
,"/home/kfbr392/Documents/repos/lean_gains/src/store/actionCreators/user_details_action_creators.js": {"path":"/home/kfbr392/Documents/repos/lean_gains/src/store/actionCreators/user_details_action_creators.js","statementMap":{"0":{"start":{"line":6,"column":32},"end":{"line":15,"column":39}},"1":{"start":{"line":6,"column":49},"end":{"line":15,"column":39}},"2":{"start":{"line":7,"column":2},"end":{"line":15,"column":39}},"3":{"start":{"line":10,"column":6},"end":{"line":13,"column":9}},"4":{"start":{"line":15,"column":20},"end":{"line":15,"column":38}},"5":{"start":{"line":17,"column":35},"end":{"line":26,"column":39}},"6":{"start":{"line":17,"column":49},"end":{"line":26,"column":39}},"7":{"start":{"line":18,"column":2},"end":{"line":26,"column":39}},"8":{"start":{"line":21,"column":6},"end":{"line":24,"column":9}},"9":{"start":{"line":26,"column":20},"end":{"line":26,"column":38}},"10":{"start":{"line":28,"column":35},"end":{"line":38,"column":1}},"11":{"start":{"line":28,"column":49},"end":{"line":38,"column":1}},"12":{"start":{"line":29,"column":2},"end":{"line":37,"column":40}},"13":{"start":{"line":32,"column":6},"end":{"line":35,"column":9}},"14":{"start":{"line":37,"column":20},"end":{"line":37,"column":38}},"15":{"start":{"line":40,"column":35},"end":{"line":46,"column":39}},"16":{"start":{"line":40,"column":42},"end":{"line":46,"column":39}},"17":{"start":{"line":41,"column":2},"end":{"line":46,"column":39}},"18":{"start":{"line":44,"column":6},"end":{"line":44,"column":73}},"19":{"start":{"line":46,"column":20},"end":{"line":46,"column":38}},"20":{"start":{"line":48,"column":25},"end":{"line":78,"column":1}},"21":{"start":{"line":48,"column":31},"end":{"line":78,"column":1}},"22":{"start":{"line":49,"column":2},"end":{"line":49,"column":37}},"23":{"start":{"line":50,"column":2},"end":{"line":77,"column":40}},"24":{"start":{"line":53,"column":6},"end":{"line":56,"column":9}},"25":{"start":{"line":57,"column":6},"end":{"line":57,"column":48}},"26":{"start":{"line":60,"column":6},"end":{"line":63,"column":9}},"27":{"start":{"line":64,"column":6},"end":{"line":64,"column":45}},"28":{"start":{"line":67,"column":6},"end":{"line":70,"column":9}},"29":{"start":{"line":71,"column":6},"end":{"line":71,"column":52}},"30":{"start":{"line":74,"column":6},"end":{"line":74,"column":66}},"31":{"start":{"line":75,"column":6},"end":{"line":75,"column":42}},"32":{"start":{"line":77,"column":20},"end":{"line":77,"column":38}},"33":{"start":{"line":80,"column":33},"end":{"line":86,"column":39}},"34":{"start":{"line":80,"column":52},"end":{"line":86,"column":39}},"35":{"start":{"line":81,"column":2},"end":{"line":86,"column":39}},"36":{"start":{"line":84,"column":6},"end":{"line":84,"column":71}},"37":{"start":{"line":86,"column":20},"end":{"line":86,"column":38}}},"fnMap":{"0":{"name":"(anonymous_0)","decl":{"start":{"line":6,"column":32},"end":{"line":6,"column":33}},"loc":{"start":{"line":6,"column":49},"end":{"line":15,"column":39}},"line":6},"1":{"name":"(anonymous_1)","decl":{"start":{"line":6,"column":49},"end":{"line":6,"column":50}},"loc":{"start":{"line":7,"column":2},"end":{"line":15,"column":39}},"line":7},"2":{"name":"(anonymous_2)","decl":{"start":{"line":9,"column":10},"end":{"line":9,"column":11}},"loc":{"start":{"line":9,"column":24},"end":{"line":14,"column":5}},"line":9},"3":{"name":"(anonymous_3)","decl":{"start":{"line":15,"column":11},"end":{"line":15,"column":12}},"loc":{"start":{"line":15,"column":20},"end":{"line":15,"column":38}},"line":15},"4":{"name":"(anonymous_4)","decl":{"start":{"line":17,"column":35},"end":{"line":17,"column":36}},"loc":{"start":{"line":17,"column":49},"end":{"line":26,"column":39}},"line":17},"5":{"name":"(anonymous_5)","decl":{"start":{"line":17,"column":49},"end":{"line":17,"column":50}},"loc":{"start":{"line":18,"column":2},"end":{"line":26,"column":39}},"line":18},"6":{"name":"(anonymous_6)","decl":{"start":{"line":20,"column":10},"end":{"line":20,"column":11}},"loc":{"start":{"line":20,"column":24},"end":{"line":25,"column":5}},"line":20},"7":{"name":"(anonymous_7)","decl":{"start":{"line":26,"column":11},"end":{"line":26,"column":12}},"loc":{"start":{"line":26,"column":20},"end":{"line":26,"column":38}},"line":26},"8":{"name":"(anonymous_8)","decl":{"start":{"line":28,"column":35},"end":{"line":28,"column":36}},"loc":{"start":{"line":28,"column":49},"end":{"line":38,"column":1}},"line":28},"9":{"name":"(anonymous_9)","decl":{"start":{"line":28,"column":49},"end":{"line":28,"column":50}},"loc":{"start":{"line":28,"column":61},"end":{"line":38,"column":1}},"line":28},"10":{"name":"(anonymous_10)","decl":{"start":{"line":31,"column":10},"end":{"line":31,"column":11}},"loc":{"start":{"line":31,"column":24},"end":{"line":36,"column":5}},"line":31},"11":{"name":"(anonymous_11)","decl":{"start":{"line":37,"column":11},"end":{"line":37,"column":12}},"loc":{"start":{"line":37,"column":20},"end":{"line":37,"column":38}},"line":37},"12":{"name":"(anonymous_12)","decl":{"start":{"line":40,"column":35},"end":{"line":40,"column":36}},"loc":{"start":{"line":40,"column":42},"end":{"line":46,"column":39}},"line":40},"13":{"name":"(anonymous_13)","decl":{"start":{"line":40,"column":42},"end":{"line":40,"column":43}},"loc":{"start":{"line":41,"column":2},"end":{"line":46,"column":39}},"line":41},"14":{"name":"(anonymous_14)","decl":{"start":{"line":43,"column":10},"end":{"line":43,"column":11}},"loc":{"start":{"line":44,"column":6},"end":{"line":44,"column":73}},"line":44},"15":{"name":"(anonymous_15)","decl":{"start":{"line":46,"column":11},"end":{"line":46,"column":12}},"loc":{"start":{"line":46,"column":20},"end":{"line":46,"column":38}},"line":46},"16":{"name":"(anonymous_16)","decl":{"start":{"line":48,"column":25},"end":{"line":48,"column":26}},"loc":{"start":{"line":48,"column":31},"end":{"line":78,"column":1}},"line":48},"17":{"name":"(anonymous_17)","decl":{"start":{"line":48,"column":31},"end":{"line":48,"column":32}},"loc":{"start":{"line":48,"column":43},"end":{"line":78,"column":1}},"line":48},"18":{"name":"(anonymous_18)","decl":{"start":{"line":52,"column":10},"end":{"line":52,"column":11}},"loc":{"start":{"line":52,"column":24},"end":{"line":58,"column":5}},"line":52},"19":{"name":"(anonymous_19)","decl":{"start":{"line":59,"column":10},"end":{"line":59,"column":11}},"loc":{"start":{"line":59,"column":24},"end":{"line":65,"column":5}},"line":59},"20":{"name":"(anonymous_20)","decl":{"start":{"line":66,"column":10},"end":{"line":66,"column":11}},"loc":{"start":{"line":66,"column":24},"end":{"line":72,"column":5}},"line":66},"21":{"name":"(anonymous_21)","decl":{"start":{"line":73,"column":10},"end":{"line":73,"column":11}},"loc":{"start":{"line":73,"column":24},"end":{"line":76,"column":5}},"line":73},"22":{"name":"(anonymous_22)","decl":{"start":{"line":77,"column":11},"end":{"line":77,"column":12}},"loc":{"start":{"line":77,"column":20},"end":{"line":77,"column":38}},"line":77},"23":{"name":"(anonymous_23)","decl":{"start":{"line":80,"column":33},"end":{"line":80,"column":34}},"loc":{"start":{"line":80,"column":52},"end":{"line":86,"column":39}},"line":80},"24":{"name":"(anonymous_24)","decl":{"start":{"line":80,"column":52},"end":{"line":80,"column":53}},"loc":{"start":{"line":81,"column":2},"end":{"line":86,"column":39}},"line":81},"25":{"name":"(anonymous_25)","decl":{"start":{"line":83,"column":10},"end":{"line":83,"column":11}},"loc":{"start":{"line":84,"column":6},"end":{"line":84,"column":71}},"line":84},"26":{"name":"(anonymous_26)","decl":{"start":{"line":86,"column":11},"end":{"line":86,"column":12}},"loc":{"start":{"line":86,"column":20},"end":{"line":86,"column":38}},"line":86}},"branchMap":{},"s":{"0":1,"1":0,"2":0,"3":0,"4":0,"5":1,"6":0,"7":0,"8":0,"9":0,"10":1,"11":0,"12":0,"13":0,"14":0,"15":1,"16":0,"17":0,"18":0,"19":0,"20":1,"21":0,"22":0,"23":0,"24":0,"25":0,"26":0,"27":0,"28":0,"29":0,"30":0,"31":0,"32":0,"33":1,"34":0,"35":0,"36":0,"37":0},"f":{"0":0,"1":0,"2":0,"3":0,"4":0,"5":0,"6":0,"7":0,"8":0,"9":0,"10":0,"11":0,"12":0,"13":0,"14":0,"15":0,"16":0,"17":0,"18":0,"19":0,"20":0,"21":0,"22":0,"23":0,"24":0,"25":0,"26":0},"b":{},"_coverageSchema":"332fd63041d2c1bcb487cc26dd0d5f7d97098a6c","hash":"4f94e9ad1dde7853d617b599a7d609fec3ea11b3"}
,"/home/kfbr392/Documents/repos/lean_gains/src/store/actions/app_actions.js": {"path":"/home/kfbr392/Documents/repos/lean_gains/src/store/actions/app_actions.js","statementMap":{"0":{"start":{"line":1,"column":40},"end":{"line":1,"column":66}},"1":{"start":{"line":2,"column":41},"end":{"line":2,"column":68}},"2":{"start":{"line":3,"column":42},"end":{"line":3,"column":70}},"3":{"start":{"line":4,"column":40},"end":{"line":4,"column":66}},"4":{"start":{"line":5,"column":29},"end":{"line":5,"column":44}},"5":{"start":{"line":6,"column":30},"end":{"line":6,"column":46}},"6":{"start":{"line":7,"column":38},"end":{"line":7,"column":62}},"7":{"start":{"line":8,"column":43},"end":{"line":8,"column":72}},"8":{"start":{"line":9,"column":38},"end":{"line":9,"column":62}},"9":{"start":{"line":10,"column":24},"end":{"line":10,"column":34}},"10":{"start":{"line":11,"column":25},"end":{"line":11,"column":36}},"11":{"start":{"line":12,"column":32},"end":{"line":12,"column":50}},"12":{"start":{"line":13,"column":33},"end":{"line":13,"column":52}},"13":{"start":{"line":14,"column":27},"end":{"line":14,"column":40}},"14":{"start":{"line":15,"column":26},"end":{"line":15,"column":38}},"15":{"start":{"line":16,"column":27},"end":{"line":16,"column":40}},"16":{"start":{"line":17,"column":35},"end":{"line":17,"column":56}},"17":{"start":{"line":18,"column":34},"end":{"line":18,"column":54}},"18":{"start":{"line":19,"column":35},"end":{"line":19,"column":56}},"19":{"start":{"line":20,"column":27},"end":{"line":20,"column":40}},"20":{"start":{"line":21,"column":30},"end":{"line":21,"column":46}}},"fnMap":{},"branchMap":{},"s":{"0":3,"1":3,"2":3,"3":3,"4":3,"5":3,"6":3,"7":3,"8":3,"9":3,"10":3,"11":3,"12":3,"13":3,"14":3,"15":3,"16":3,"17":3,"18":3,"19":3,"20":3},"f":{},"b":{},"_coverageSchema":"332fd63041d2c1bcb487cc26dd0d5f7d97098a6c","hash":"a9dbb9a33eb48304b07e3952193780cec1aea831"}
,"/home/kfbr392/Documents/repos/lean_gains/src/store/actions/auth_actions.js": {"path":"/home/kfbr392/Documents/repos/lean_gains/src/store/actions/auth_actions.js","statementMap":{"0":{"start":{"line":1,"column":25},"end":{"line":1,"column":36}},"1":{"start":{"line":2,"column":26},"end":{"line":2,"column":38}},"2":{"start":{"line":3,"column":29},"end":{"line":3,"column":44}},"3":{"start":{"line":4,"column":23},"end":{"line":4,"column":32}}},"fnMap":{},"branchMap":{},"s":{"0":1,"1":1,"2":1,"3":1},"f":{},"b":{},"_coverageSchema":"332fd63041d2c1bcb487cc26dd0d5f7d97098a6c","hash":"29d00603f8d9c7815cd4dbae8ecfb3efa85b12f7"}
,"/home/kfbr392/Documents/repos/lean_gains/src/store/actions/daily_logs_actions.js": {"path":"/home/kfbr392/Documents/repos/lean_gains/src/store/actions/daily_logs_actions.js","statementMap":{"0":{"start":{"line":1,"column":31},"end":{"line":1,"column":48}},"1":{"start":{"line":2,"column":32},"end":{"line":2,"column":50}},"2":{"start":{"line":3,"column":36},"end":{"line":3,"column":58}},"3":{"start":{"line":4,"column":37},"end":{"line":4,"column":60}},"4":{"start":{"line":5,"column":32},"end":{"line":5,"column":50}},"5":{"start":{"line":6,"column":37},"end":{"line":6,"column":60}}},"fnMap":{},"branchMap":{},"s":{"0":1,"1":1,"2":1,"3":1,"4":1,"5":1},"f":{},"b":{},"_coverageSchema":"332fd63041d2c1bcb487cc26dd0d5f7d97098a6c","hash":"41c19c673d250ab9f29041927fd67666bbf904a4"}
,"/home/kfbr392/Documents/repos/lean_gains/src/store/actions/user_details_actions.js": {"path":"/home/kfbr392/Documents/repos/lean_gains/src/store/actions/user_details_actions.js","statementMap":{"0":{"start":{"line":1,"column":34},"end":{"line":1,"column":54}},"1":{"start":{"line":2,"column":29},"end":{"line":2,"column":44}},"2":{"start":{"line":3,"column":36},"end":{"line":3,"column":58}},"3":{"start":{"line":4,"column":37},"end":{"line":4,"column":60}},"4":{"start":{"line":5,"column":37},"end":{"line":5,"column":60}},"5":{"start":{"line":6,"column":34},"end":{"line":6,"column":54}},"6":{"start":{"line":7,"column":28},"end":{"line":7,"column":42}},"7":{"start":{"line":8,"column":33},"end":{"line":8,"column":52}}},"fnMap":{},"branchMap":{},"s":{"0":2,"1":2,"2":2,"3":2,"4":2,"5":2,"6":2,"7":2},"f":{},"b":{},"_coverageSchema":"332fd63041d2c1bcb487cc26dd0d5f7d97098a6c","hash":"88bc50e6fbbe9ce971bbe313628b3aa69f75388e"}
,"/home/kfbr392/Documents/repos/lean_gains/src/store/actions/workout_logs_actions.js": {"path":"/home/kfbr392/Documents/repos/lean_gains/src/store/actions/workout_logs_actions.js","statementMap":{"0":{"start":{"line":1,"column":33},"end":{"line":1,"column":52}},"1":{"start":{"line":2,"column":34},"end":{"line":2,"column":54}},"2":{"start":{"line":3,"column":34},"end":{"line":3,"column":54}},"3":{"start":{"line":4,"column":39},"end":{"line":4,"column":64}},"4":{"start":{"line":5,"column":38},"end":{"line":5,"column":62}},"5":{"start":{"line":6,"column":39},"end":{"line":6,"column":64}}},"fnMap":{},"branchMap":{},"s":{"0":1,"1":1,"2":1,"3":1,"4":1,"5":1},"f":{},"b":{},"_coverageSchema":"332fd63041d2c1bcb487cc26dd0d5f7d97098a6c","hash":"efa10296c0ba1ba5ae41e5ee0ad812624f1c0b7e"}
,"/home/kfbr392/Documents/repos/lean_gains/src/store/reducers/app.js": {"path":"/home/kfbr392/Documents/repos/lean_gains/src/store/reducers/app.js","statementMap":{"0":{"start":{"line":6,"column":22},"end":{"line":15,"column":2}},"1":{"start":{"line":17,"column":16},"end":{"line":62,"column":1}},"2":{"start":{"line":18,"column":2},"end":{"line":61,"column":3}},"3":{"start":{"line":20,"column":6},"end":{"line":22,"column":54}},"4":{"start":{"line":24,"column":6},"end":{"line":26,"column":48}},"5":{"start":{"line":28,"column":6},"end":{"line":28,"column":43}},"6":{"start":{"line":30,"column":6},"end":{"line":30,"column":49}},"7":{"start":{"line":32,"column":6},"end":{"line":32,"column":50}},"8":{"start":{"line":34,"column":6},"end":{"line":34,"column":42}},"9":{"start":{"line":36,"column":6},"end":{"line":36,"column":43}},"10":{"start":{"line":38,"column":6},"end":{"line":38,"column":43}},"11":{"start":{"line":40,"column":6},"end":{"line":40,"column":44}},"12":{"start":{"line":42,"column":6},"end":{"line":42,"column":46}},"13":{"start":{"line":44,"column":6},"end":{"line":44,"column":47}},"14":{"start":{"line":46,"column":6},"end":{"line":46,"column":63}},"15":{"start":{"line":48,"column":6},"end":{"line":48,"column":61}},"16":{"start":{"line":50,"column":6},"end":{"line":50,"column":57}},"17":{"start":{"line":52,"column":6},"end":{"line":52,"column":58}},"18":{"start":{"line":54,"column":6},"end":{"line":54,"column":54}},"19":{"start":{"line":56,"column":6},"end":{"line":56,"column":52}},"20":{"start":{"line":58,"column":6},"end":{"line":58,"column":57}},"21":{"start":{"line":60,"column":6},"end":{"line":60,"column":19}}},"fnMap":{"0":{"name":"(anonymous_0)","decl":{"start":{"line":17,"column":16},"end":{"line":17,"column":17}},"loc":{"start":{"line":17,"column":62},"end":{"line":62,"column":1}},"line":17}},"branchMap":{"0":{"loc":{"start":{"line":17,"column":17},"end":{"line":17,"column":38}},"type":"default-arg","locations":[{"start":{"line":17,"column":25},"end":{"line":17,"column":38}}],"line":17},"1":{"loc":{"start":{"line":18,"column":2},"end":{"line":61,"column":3}},"type":"switch","locations":[{"start":{"line":19,"column":4},"end":{"line":22,"column":54}},{"start":{"line":23,"column":4},"end":{"line":26,"column":48}},{"start":{"line":27,"column":4},"end":{"line":28,"column":43}},{"start":{"line":29,"column":4},"end":{"line":30,"column":49}},{"start":{"line":31,"column":4},"end":{"line":32,"column":50}},{"start":{"line":33,"column":4},"end":{"line":34,"column":42}},{"start":{"line":35,"column":4},"end":{"line":36,"column":43}},{"start":{"line":37,"column":4},"end":{"line":38,"column":43}},{"start":{"line":39,"column":4},"end":{"line":40,"column":44}},{"start":{"line":41,"column":4},"end":{"line":42,"column":46}},{"start":{"line":43,"column":4},"end":{"line":44,"column":47}},{"start":{"line":45,"column":4},"end":{"line":46,"column":63}},{"start":{"line":47,"column":4},"end":{"line":48,"column":61}},{"start":{"line":49,"column":4},"end":{"line":50,"column":57}},{"start":{"line":51,"column":4},"end":{"line":52,"column":58}},{"start":{"line":53,"column":4},"end":{"line":54,"column":54}},{"start":{"line":55,"column":4},"end":{"line":56,"column":52}},{"start":{"line":57,"column":4},"end":{"line":58,"column":57}},{"start":{"line":59,"column":4},"end":{"line":60,"column":19}}],"line":18}},"s":{"0":1,"1":1,"2":22,"3":1,"4":1,"5":1,"6":1,"7":1,"8":2,"9":1,"10":1,"11":2,"12":2,"13":1,"14":1,"15":1,"16":2,"17":1,"18":1,"19":1,"20":1,"21":0},"f":{"0":22},"b":{"0":[14],"1":[1,1,1,1,1,2,1,1,2,2,1,1,1,2,1,1,1,1,0]},"_coverageSchema":"332fd63041d2c1bcb487cc26dd0d5f7d97098a6c","hash":"8959ccf3f1ae2b19244aa8b478d91d8d4c454439"}
,"/home/kfbr392/Documents/repos/lean_gains/src/store/reducers/auth.js": {"path":"/home/kfbr392/Documents/repos/lean_gains/src/store/reducers/auth.js","statementMap":{"0":{"start":{"line":5,"column":22},"end":{"line":8,"column":2}},"1":{"start":{"line":10,"column":27},"end":{"line":17,"column":3}},"2":{"start":{"line":11,"column":2},"end":{"line":17,"column":3}},"3":{"start":{"line":12,"column":4},"end":{"line":16,"column":38}},"4":{"start":{"line":22,"column":16},"end":{"line":33,"column":1}},"5":{"start":{"line":23,"column":2},"end":{"line":32,"column":3}},"6":{"start":{"line":25,"column":6},"end":{"line":25,"column":48}},"7":{"start":{"line":27,"column":6},"end":{"line":27,"column":42}},"8":{"start":{"line":29,"column":6},"end":{"line":29,"column":43}},"9":{"start":{"line":31,"column":6},"end":{"line":31,"column":19}}},"fnMap":{"0":{"name":"(anonymous_0)","decl":{"start":{"line":10,"column":27},"end":{"line":10,"column":28}},"loc":{"start":{"line":11,"column":2},"end":{"line":17,"column":3}},"line":11},"1":{"name":"(anonymous_1)","decl":{"start":{"line":11,"column":22},"end":{"line":11,"column":23}},"loc":{"start":{"line":12,"column":4},"end":{"line":16,"column":38}},"line":12},"2":{"name":"(anonymous_2)","decl":{"start":{"line":22,"column":16},"end":{"line":22,"column":17}},"loc":{"start":{"line":22,"column":62},"end":{"line":33,"column":1}},"line":22}},"branchMap":{"0":{"loc":{"start":{"line":22,"column":17},"end":{"line":22,"column":38}},"type":"default-arg","locations":[{"start":{"line":22,"column":25},"end":{"line":22,"column":38}}],"line":22},"1":{"loc":{"start":{"line":23,"column":2},"end":{"line":32,"column":3}},"type":"switch","locations":[{"start":{"line":24,"column":4},"end":{"line":25,"column":48}},{"start":{"line":26,"column":4},"end":{"line":27,"column":42}},{"start":{"line":28,"column":4},"end":{"line":29,"column":43}},{"start":{"line":30,"column":4},"end":{"line":31,"column":19}}],"line":23}},"s":{"0":1,"1":1,"2":1,"3":1,"4":1,"5":3,"6":1,"7":1,"8":1,"9":0},"f":{"0":1,"1":1,"2":3},"b":{"0":[2],"1":[1,1,1,0]},"_coverageSchema":"332fd63041d2c1bcb487cc26dd0d5f7d97098a6c","hash":"b6ff4f520bfb8ecc17b6126d5a59f566eed424fd"}
,"/home/kfbr392/Documents/repos/lean_gains/src/store/reducers/daily_logs.js": {"path":"/home/kfbr392/Documents/repos/lean_gains/src/store/reducers/daily_logs.js","statementMap":{"0":{"start":{"line":6,"column":22},"end":{"line":8,"column":1}},"1":{"start":{"line":7,"column":2},"end":{"line":7,"column":44}},"2":{"start":{"line":10,"column":16},"end":{"line":29,"column":1}},"3":{"start":{"line":11,"column":2},"end":{"line":28,"column":3}},"4":{"start":{"line":13,"column":6},"end":{"line":13,"column":47}},"5":{"start":{"line":15,"column":6},"end":{"line":15,"column":63}},"6":{"start":{"line":15,"column":42},"end":{"line":15,"column":61}},"7":{"start":{"line":17,"column":6},"end":{"line":19,"column":8}},"8":{"start":{"line":18,"column":8},"end":{"line":18,"column":53}},"9":{"start":{"line":21,"column":6},"end":{"line":21,"column":65}},"10":{"start":{"line":23,"column":6},"end":{"line":23,"column":71}},"11":{"start":{"line":23,"column":42},"end":{"line":23,"column":69}},"12":{"start":{"line":25,"column":6},"end":{"line":25,"column":68}},"13":{"start":{"line":25,"column":42},"end":{"line":25,"column":66}},"14":{"start":{"line":27,"column":6},"end":{"line":27,"column":19}}},"fnMap":{"0":{"name":"(anonymous_0)","decl":{"start":{"line":6,"column":42},"end":{"line":6,"column":43}},"loc":{"start":{"line":7,"column":2},"end":{"line":7,"column":44}},"line":7},"1":{"name":"(anonymous_1)","decl":{"start":{"line":10,"column":16},"end":{"line":10,"column":17}},"loc":{"start":{"line":10,"column":62},"end":{"line":29,"column":1}},"line":10},"2":{"name":"(anonymous_2)","decl":{"start":{"line":15,"column":35},"end":{"line":15,"column":36}},"loc":{"start":{"line":15,"column":42},"end":{"line":15,"column":61}},"line":15},"3":{"name":"(anonymous_3)","decl":{"start":{"line":17,"column":34},"end":{"line":17,"column":35}},"loc":{"start":{"line":18,"column":8},"end":{"line":18,"column":53}},"line":18},"4":{"name":"(anonymous_4)","decl":{"start":{"line":23,"column":35},"end":{"line":23,"column":36}},"loc":{"start":{"line":23,"column":42},"end":{"line":23,"column":69}},"line":23},"5":{"name":"(anonymous_5)","decl":{"start":{"line":25,"column":35},"end":{"line":25,"column":36}},"loc":{"start":{"line":25,"column":42},"end":{"line":25,"column":66}},"line":25}},"branchMap":{"0":{"loc":{"start":{"line":10,"column":17},"end":{"line":10,"column":38}},"type":"default-arg","locations":[{"start":{"line":10,"column":25},"end":{"line":10,"column":38}}],"line":10},"1":{"loc":{"start":{"line":11,"column":2},"end":{"line":28,"column":3}},"type":"switch","locations":[{"start":{"line":12,"column":4},"end":{"line":13,"column":47}},{"start":{"line":14,"column":4},"end":{"line":15,"column":63}},{"start":{"line":16,"column":4},"end":{"line":19,"column":8}},{"start":{"line":20,"column":4},"end":{"line":21,"column":65}},{"start":{"line":22,"column":4},"end":{"line":23,"column":71}},{"start":{"line":24,"column":4},"end":{"line":25,"column":68}},{"start":{"line":26,"column":4},"end":{"line":27,"column":19}}],"line":11}},"s":{"0":1,"1":1,"2":1,"3":7,"4":1,"5":1,"6":1,"7":1,"8":1,"9":1,"10":1,"11":1,"12":2,"13":2,"14":0},"f":{"0":1,"1":7,"2":1,"3":1,"4":1,"5":2},"b":{"0":[6],"1":[1,1,1,1,1,2,0]},"_coverageSchema":"332fd63041d2c1bcb487cc26dd0d5f7d97098a6c","hash":"6fde6949caf1b98fd3de03b17a9b6d49160b2295"}
,"/home/kfbr392/Documents/repos/lean_gains/src/store/reducers/user_details.js": {"path":"/home/kfbr392/Documents/repos/lean_gains/src/store/reducers/user_details.js","statementMap":{"0":{"start":{"line":6,"column":29},"end":{"line":10,"column":2}},"1":{"start":{"line":12,"column":31},"end":{"line":19,"column":3}},"2":{"start":{"line":13,"column":2},"end":{"line":19,"column":3}},"3":{"start":{"line":14,"column":4},"end":{"line":18,"column":22}},"4":{"start":{"line":21,"column":31},"end":{"line":22,"column":59}},"5":{"start":{"line":22,"column":2},"end":{"line":22,"column":59}},"6":{"start":{"line":24,"column":34},"end":{"line":25,"column":62}},"7":{"start":{"line":25,"column":2},"end":{"line":25,"column":62}},"8":{"start":{"line":27,"column":33},"end":{"line":28,"column":63}},"9":{"start":{"line":28,"column":2},"end":{"line":28,"column":63}},"10":{"start":{"line":30,"column":16},"end":{"line":49,"column":1}},"11":{"start":{"line":31,"column":2},"end":{"line":48,"column":3}},"12":{"start":{"line":33,"column":6},"end":{"line":33,"column":62}},"13":{"start":{"line":35,"column":6},"end":{"line":35,"column":52}},"14":{"start":{"line":37,"column":6},"end":{"line":37,"column":57}},"15":{"start":{"line":39,"column":6},"end":{"line":39,"column":54}},"16":{"start":{"line":41,"column":6},"end":{"line":41,"column":55}},"17":{"start":{"line":43,"column":6},"end":{"line":43,"column":45}},"18":{"start":{"line":45,"column":6},"end":{"line":45,"column":52}},"19":{"start":{"line":47,"column":6},"end":{"line":47,"column":19}}},"fnMap":{"0":{"name":"(anonymous_0)","decl":{"start":{"line":12,"column":31},"end":{"line":12,"column":32}},"loc":{"start":{"line":13,"column":2},"end":{"line":19,"column":3}},"line":13},"1":{"name":"(anonymous_1)","decl":{"start":{"line":13,"column":22},"end":{"line":13,"column":23}},"loc":{"start":{"line":14,"column":4},"end":{"line":18,"column":22}},"line":14},"2":{"name":"(anonymous_2)","decl":{"start":{"line":21,"column":31},"end":{"line":21,"column":32}},"loc":{"start":{"line":22,"column":2},"end":{"line":22,"column":59}},"line":22},"3":{"name":"(anonymous_3)","decl":{"start":{"line":24,"column":34},"end":{"line":24,"column":35}},"loc":{"start":{"line":25,"column":2},"end":{"line":25,"column":62}},"line":25},"4":{"name":"(anonymous_4)","decl":{"start":{"line":27,"column":33},"end":{"line":27,"column":34}},"loc":{"start":{"line":28,"column":2},"end":{"line":28,"column":63}},"line":28},"5":{"name":"(anonymous_5)","decl":{"start":{"line":30,"column":16},"end":{"line":30,"column":17}},"loc":{"start":{"line":30,"column":62},"end":{"line":49,"column":1}},"line":30}},"branchMap":{"0":{"loc":{"start":{"line":30,"column":17},"end":{"line":30,"column":38}},"type":"default-arg","locations":[{"start":{"line":30,"column":25},"end":{"line":30,"column":38}}],"line":30},"1":{"loc":{"start":{"line":31,"column":2},"end":{"line":48,"column":3}},"type":"switch","locations":[{"start":{"line":32,"column":4},"end":{"line":33,"column":62}},{"start":{"line":34,"column":4},"end":{"line":35,"column":52}},{"start":{"line":36,"column":4},"end":{"line":37,"column":57}},{"start":{"line":38,"column":4},"end":{"line":39,"column":54}},{"start":{"line":40,"column":4},"end":{"line":41,"column":55}},{"start":{"line":42,"column":4},"end":{"line":43,"column":45}},{"start":{"line":44,"column":4},"end":{"line":45,"column":52}},{"start":{"line":46,"column":4},"end":{"line":47,"column":19}}],"line":31}},"s":{"0":1,"1":1,"2":3,"3":3,"4":1,"5":1,"6":1,"7":2,"8":1,"9":1,"10":1,"11":9,"12":0,"13":1,"14":1,"15":1,"16":2,"17":1,"18":3,"19":0},"f":{"0":3,"1":3,"2":1,"3":2,"4":1,"5":9},"b":{"0":[7],"1":[0,1,1,1,2,1,3,0]},"_coverageSchema":"332fd63041d2c1bcb487cc26dd0d5f7d97098a6c","hash":"2fe0c0d10d6b3230396131bd35dd3d334e3ed44f"}
,"/home/kfbr392/Documents/repos/lean_gains/src/store/reducers/workout_logs.js": {"path":"/home/kfbr392/Documents/repos/lean_gains/src/store/reducers/workout_logs.js","statementMap":{"0":{"start":{"line":6,"column":22},"end":{"line":8,"column":1}},"1":{"start":{"line":7,"column":2},"end":{"line":7,"column":44}},"2":{"start":{"line":10,"column":16},"end":{"line":29,"column":1}},"3":{"start":{"line":11,"column":2},"end":{"line":28,"column":3}},"4":{"start":{"line":13,"column":6},"end":{"line":13,"column":71}},"5":{"start":{"line":13,"column":42},"end":{"line":13,"column":69}},"6":{"start":{"line":15,"column":6},"end":{"line":15,"column":60}},"7":{"start":{"line":15,"column":42},"end":{"line":15,"column":58}},"8":{"start":{"line":17,"column":6},"end":{"line":17,"column":63}},"9":{"start":{"line":17,"column":42},"end":{"line":17,"column":61}},"10":{"start":{"line":19,"column":6},"end":{"line":19,"column":47}},"11":{"start":{"line":21,"column":6},"end":{"line":23,"column":8}},"12":{"start":{"line":22,"column":8},"end":{"line":22,"column":51}},"13":{"start":{"line":25,"column":6},"end":{"line":25,"column":65}},"14":{"start":{"line":27,"column":6},"end":{"line":27,"column":19}}},"fnMap":{"0":{"name":"(anonymous_0)","decl":{"start":{"line":6,"column":42},"end":{"line":6,"column":43}},"loc":{"start":{"line":7,"column":2},"end":{"line":7,"column":44}},"line":7},"1":{"name":"(anonymous_1)","decl":{"start":{"line":10,"column":16},"end":{"line":10,"column":17}},"loc":{"start":{"line":10,"column":62},"end":{"line":29,"column":1}},"line":10},"2":{"name":"(anonymous_2)","decl":{"start":{"line":13,"column":35},"end":{"line":13,"column":36}},"loc":{"start":{"line":13,"column":42},"end":{"line":13,"column":69}},"line":13},"3":{"name":"(anonymous_3)","decl":{"start":{"line":15,"column":35},"end":{"line":15,"column":36}},"loc":{"start":{"line":15,"column":42},"end":{"line":15,"column":58}},"line":15},"4":{"name":"(anonymous_4)","decl":{"start":{"line":17,"column":35},"end":{"line":17,"column":36}},"loc":{"start":{"line":17,"column":42},"end":{"line":17,"column":61}},"line":17},"5":{"name":"(anonymous_5)","decl":{"start":{"line":21,"column":34},"end":{"line":21,"column":35}},"loc":{"start":{"line":22,"column":8},"end":{"line":22,"column":51}},"line":22}},"branchMap":{"0":{"loc":{"start":{"line":10,"column":17},"end":{"line":10,"column":38}},"type":"default-arg","locations":[{"start":{"line":10,"column":25},"end":{"line":10,"column":38}}],"line":10},"1":{"loc":{"start":{"line":11,"column":2},"end":{"line":28,"column":3}},"type":"switch","locations":[{"start":{"line":12,"column":4},"end":{"line":13,"column":71}},{"start":{"line":14,"column":4},"end":{"line":15,"column":60}},{"start":{"line":16,"column":4},"end":{"line":17,"column":63}},{"start":{"line":18,"column":4},"end":{"line":19,"column":47}},{"start":{"line":20,"column":4},"end":{"line":23,"column":8}},{"start":{"line":24,"column":4},"end":{"line":25,"column":65}},{"start":{"line":26,"column":4},"end":{"line":27,"column":19}}],"line":11}},"s":{"0":1,"1":1,"2":1,"3":8,"4":1,"5":1,"6":2,"7":2,"8":1,"9":1,"10":1,"11":1,"12":1,"13":2,"14":0},"f":{"0":1,"1":8,"2":1,"3":2,"4":1,"5":1},"b":{"0":[6],"1":[1,2,1,1,1,2,0]},"_coverageSchema":"332fd63041d2c1bcb487cc26dd0d5f7d97098a6c","hash":"c125a05bed2ee05acadd96a21d29cbad7fe18d42"}
,"/home/kfbr392/Documents/repos/lean_gains/src/store/selectors/age.js": {"path":"/home/kfbr392/Documents/repos/lean_gains/src/store/selectors/age.js","statementMap":{"0":{"start":{"line":4,"column":12},"end":{"line":4,"column":56}},"1":{"start":{"line":4,"column":21},"end":{"line":4,"column":56}},"2":{"start":{"line":6,"column":21},"end":{"line":7,"column":55}},"3":{"start":{"line":7,"column":2},"end":{"line":7,"column":55}}},"fnMap":{"0":{"name":"(anonymous_0)","decl":{"start":{"line":4,"column":12},"end":{"line":4,"column":13}},"loc":{"start":{"line":4,"column":21},"end":{"line":4,"column":56}},"line":4},"1":{"name":"(anonymous_1)","decl":{"start":{"line":6,"column":21},"end":{"line":6,"column":22}},"loc":{"start":{"line":7,"column":2},"end":{"line":7,"column":55}},"line":7}},"branchMap":{"0":{"loc":{"start":{"line":7,"column":2},"end":{"line":7,"column":55}},"type":"cond-expr","locations":[{"start":{"line":7,"column":8},"end":{"line":7,"column":43}},{"start":{"line":7,"column":46},"end":{"line":7,"column":55}}],"line":7}},"s":{"0":3,"1":17,"2":3,"3":5},"f":{"0":17,"1":5},"b":{"0":[4,1]},"_coverageSchema":"332fd63041d2c1bcb487cc26dd0d5f7d97098a6c","hash":"136f4db264d2ebbcb7fb7048230e6236e7de115e"}
,"/home/kfbr392/Documents/repos/lean_gains/src/store/selectors/calorie_target.js": {"path":"/home/kfbr392/Documents/repos/lean_gains/src/store/selectors/calorie_target.js","statementMap":{"0":{"start":{"line":8,"column":17},"end":{"line":8,"column":52}},"1":{"start":{"line":10,"column":12},"end":{"line":10,"column":39}},"2":{"start":{"line":10,"column":21},"end":{"line":10,"column":39}},"3":{"start":{"line":12,"column":12},"end":{"line":12,"column":56}},"4":{"start":{"line":12,"column":21},"end":{"line":12,"column":56}},"5":{"start":{"line":14,"column":27},"end":{"line":15,"column":52}},"6":{"start":{"line":15,"column":2},"end":{"line":15,"column":52}},"7":{"start":{"line":17,"column":19},"end":{"line":32,"column":3}},"8":{"start":{"line":18,"column":2},"end":{"line":32,"column":3}},"9":{"start":{"line":34,"column":15},"end":{"line":176,"column":1}},"10":{"start":{"line":52,"column":24},"end":{"line":57,"column":3}},"11":{"start":{"line":59,"column":15},"end":{"line":67,"column":3}},"12":{"start":{"line":72,"column":23},"end":{"line":72,"column":78}},"13":{"start":{"line":74,"column":23},"end":{"line":80,"column":3}},"14":{"start":{"line":82,"column":27},"end":{"line":88,"column":3}},"15":{"start":{"line":90,"column":32},"end":{"line":97,"column":3}},"16":{"start":{"line":99,"column":36},"end":{"line":106,"column":3}},"17":{"start":{"line":108,"column":27},"end":{"line":111,"column":3}},"18":{"start":{"line":112,"column":31},"end":{"line":115,"column":3}},"19":{"start":{"line":117,"column":22},"end":{"line":122,"column":3}},"20":{"start":{"line":123,"column":28},"end":{"line":128,"column":3}},"21":{"start":{"line":129,"column":26},"end":{"line":134,"column":3}},"22":{"start":{"line":135,"column":32},"end":{"line":140,"column":3}},"23":{"start":{"line":142,"column":2},"end":{"line":175,"column":5}}},"fnMap":{"0":{"name":"(anonymous_0)","decl":{"start":{"line":10,"column":12},"end":{"line":10,"column":13}},"loc":{"start":{"line":10,"column":21},"end":{"line":10,"column":39}},"line":10},"1":{"name":"(anonymous_1)","decl":{"start":{"line":12,"column":12},"end":{"line":12,"column":13}},"loc":{"start":{"line":12,
[...]
lumn":34},"end":{"line":28,"column":35}},"loc":{"start":{"line":28,"column":49},"end":{"line":38,"column":1}},"line":28},"9":{"name":"(anonymous_9)","decl":{"start":{"line":28,"column":49},"end":{"line":28,"column":50}},"loc":{"start":{"line":28,"column":66},"end":{"line":38,"column":1}},"line":28},"10":{"name":"(anonymous_10)","decl":{"start":{"line":40,"column":24},"end":{"line":40,"column":25}},"loc":{"start":{"line":40,"column":33},"end":{"line":40,"column":72}},"line":40},"11":{"name":"(anonymous_11)","decl":{"start":{"line":42,"column":27},"end":{"line":42,"column":28}},"loc":{"start":{"line":42,"column":36},"end":{"line":42,"column":77}},"line":42},"12":{"name":"(anonymous_12)","decl":{"start":{"line":45,"column":21},"end":{"line":45,"column":22}},"loc":{"start":{"line":45,"column":52},"end":{"line":55,"column":1}},"line":45},"13":{"name":"(anonymous_13)","decl":{"start":{"line":57,"column":16},"end":{"line":57,"column":17}},"loc":{"start":{"line":57,"column":24},"end":{"line":68,"column":1}},"line":57}},"branchMap":{"0":{"loc":{"start":{"line":23,"column":2},"end":{"line":25,"column":10}},"type":"cond-expr","locations":[{"start":{"line":24,"column":6},"end":{"line":24,"column":41}},{"start":{"line":25,"column":6},"end":{"line":25,"column":10}}],"line":23},"1":{"loc":{"start":{"line":35,"column":9},"end":{"line":37,"column":10}},"type":"cond-expr","locations":[{"start":{"line":36,"column":6},"end":{"line":36,"column":41}},{"start":{"line":37,"column":6},"end":{"line":37,"column":10}}],"line":35},"2":{"loc":{"start":{"line":58,"column":2},"end":{"line":67,"column":3}},"type":"switch","locations":[{"start":{"line":59,"column":4},"end":{"line":60,"column":69}},{"start":{"line":61,"column":4},"end":{"line":62,"column":69}},{"start":{"line":63,"column":4},"end":{"line":64,"column":65}},{"start":{"line":65,"column":4},"end":{"line":66,"column":46}}],"line":58}},"s":{"0":3,"1":5,"2":15,"3":3,"4":1,"5":3,"6":3,"7":1,"8":3,"9":7,"10":3,"11":7,"12":12,"13":3,"14":7,"15":2,"16":2,"17":2,"18":2,"19":3,"20":14,"21":3,"22":14,"23":3,"24":7,"25":7,"26":7,"27":3,"28":7,"29":5,"30":1,"31":1,"32":0},"f":{"0":5,"1":15,"2":1,"3":3,"4":1,"5":7,"6":7,"7":12,"8":7,"9":2,"10":14,"11":14,"12":7,"13":7},"b":{"0":[12,0],"1":[1,1],"2":[5,1,1,0]},"_coverageSchema":"332fd63041d2c1bcb487cc26dd0d5f7d97098a6c","hash":"e14ad83ce5a28b5551475947017a0402fc00e73d"}
,"/home/kfbr392/Documents/repos/lean_gains/src/store/selectors/log_selector.js": {"path":"/home/kfbr392/Documents/repos/lean_gains/src/store/selectors/log_selector.js","statementMap":{"0":{"start":{"line":4,"column":13},"end":{"line":4,"column":57}},"1":{"start":{"line":4,"column":21},"end":{"line":4,"column":57}},"2":{"start":{"line":4,"column":30},"end":{"line":4,"column":57}},"3":{"start":{"line":7,"column":22},"end":{"line":13,"column":4}},"4":{"start":{"line":7,"column":30},"end":{"line":13,"column":4}},"5":{"start":{"line":8,"column":2},"end":{"line":13,"column":4}},"6":{"start":{"line":16,"column":21},"end":{"line":20,"column":1}},"7":{"start":{"line":17,"column":2},"end":{"line":19,"column":4}},"8":{"start":{"line":18,"column":4},"end":{"line":18,"column":79}},"9":{"start":{"line":22,"column":18},"end":{"line":22,"column":72}},"10":{"start":{"line":22,"column":26},"end":{"line":22,"column":72}},"11":{"start":{"line":24,"column":16},"end":{"line":27,"column":38}},"12":{"start":{"line":25,"column":2},"end":{"line":27,"column":38}}},"fnMap":{"0":{"name":"(anonymous_0)","decl":{"start":{"line":4,"column":13},"end":{"line":4,"column":14}},"loc":{"start":{"line":4,"column":21},"end":{"line":4,"column":57}},"line":4},"1":{"name":"(anonymous_1)","decl":{"start":{"line":4,"column":21},"end":{"line":4,"column":22}},"loc":{"start":{"line":4,"column":30},"end":{"line":4,"column":57}},"line":4},"2":{"name":"(anonymous_2)","decl":{"start":{"line":7,"column":22},"end":{"line":7,"column":23}},"loc":{"start":{"line":7,"column":30},"end":{"line":13,"column":4}},"line":7},"3":{"name":"(anonymous_3)","decl":{"start":{"line":7,"column":30},"end":{"line":7,"column":31}},"loc":{"start":{"line":8,"column":2},"end":{"line":13,"column":4}},"line":8},"4":{"name":"(anonymous_4)","decl":{"start":{"line":16,"column":21},"end":{"line":16,"column":22}},"loc":{"start":{"line":16,"column":46},"end":{"line":20,"column":1}},"line":16},"5":{"name":"(anonymous_5)","decl":{"start":{"line":17,"column":21},"end":{"line":17,"column":22}},"loc":{"start":{"line":18,"column":4},"end":{"line":18,"column":79}},"line":18},"6":{"name":"(anonymous_6)","decl":{"start":{"line":22,"column":18},"end":{"line":22,"column":19}},"loc":{"start":{"line":22,"column":26},"end":{"line":22,"column":72}},"line":22},"7":{"name":"(anonymous_7)","decl":{"start":{"line":24,"column":16},"end":{"line":24,"column":17}},"loc":{"start":{"line":25,"column":2},"end":{"line":27,"column":38}},"line":25}},"branchMap":{"0":{"loc":{"start":{"line":10,"column":4},"end":{"line":12,"column":35}},"type":"cond-expr","locations":[{"start":{"line":11,"column":8},"end":{"line":11,"column":37}},{"start":{"line":12,"column":8},"end":{"line":12,"column":35}}],"line":10},"1":{"loc":{"start":{"line":22,"column":26},"end":{"line":22,"column":72}},"type":"binary-expr","locations":[{"start":{"line":22,"column":26},"end":{"line":22,"column":48}},{"start":{"line":22,"column":52},"end":{"line":22,"column":72}}],"line":22},"2":{"loc":{"start":{"line":25,"column":2},"end":{"line":27,"column":38}},"type":"cond-expr","locations":[{"start":{"line":26,"column":6},"end":{"line":26,"column":67}},{"start":{"line":27,"column":6},"end":{"line":27,"column":38}}],"line":25}},"s":{"0":1,"1":2,"2":2,"3":1,"4":2,"5":2,"6":1,"7":2,"8":5,"9":1,"10":2,"11":1,"12":2},"f":{"0":2,"1":2,"2":2,"3":2,"4":2,"5":5,"6":2,"7":2},"b":{"0":[1,1],"1":[2,1],"2":[2,0]},"_coverageSchema":"332fd63041d2c1bcb487cc26dd0d5f7d97098a6c","hash":"0f59f909f041ed9f66304cf6076b70f8cf2ec4d8"}
,"/home/kfbr392/Documents/repos/lean_gains/src/store/selectors/month_log.js": {"path":"/home/kfbr392/Documents/repos/lean_gains/src/store/selectors/month_log.js","statementMap":{"0":{"start":{"line":4,"column":17},"end":{"line":4,"column":62}},"1":{"start":{"line":4,"column":25},"end":{"line":4,"column":62}},"2":{"start":{"line":4,"column":34},"end":{"line":4,"column":62}},"3":{"start":{"line":8,"column":30},"end":{"line":9,"column":71}},"4":{"start":{"line":9,"column":2},"end":{"line":9,"column":71}},"5":{"start":{"line":9,"column":31},"end":{"line":9,"column":62}},"6":{"start":{"line":11,"column":18},"end":{"line":11,"column":72}},"7":{"start":{"line":11,"column":26},"end":{"line":11,"column":72}},"8":{"start":{"line":13,"column":16},"end":{"line":16,"column":38}},"9":{"start":{"line":14,"column":2},"end":{"line":16,"column":38}}},"fnMap":{"0":{"name":"(anonymous_0)","decl":{"start":{"line":4,"column":17},"end":{"line":4,"column":18}},"loc":{"start":{"line":4,"column":25},"end":{"line":4,"column":62}},"line":4},"1":{"name":"(anonymous_1)","decl":{"start":{"line":4,"column":25},"end":{"line":4,"column":26}},"loc":{"start":{"line":4,"column":34},"end":{"line":4,"column":62}},"line":4},"2":{"name":"(anonymous_2)","decl":{"start":{"line":8,"column":30},"end":{"line":8,"column":31}},"loc":{"start":{"line":9,"column":2},"end":{"line":9,"column":71}},"line":9},"3":{"name":"(anonymous_3)","decl":{"start":{"line":9,"column":22},"end":{"line":9,"column":23}},"loc":{"start":{"line":9,"column":31},"end":{"line":9,"column":62}},"line":9},"4":{"name":"(anonymous_4)","decl":{"start":{"line":11,"column":18},"end":{"line":11,"column":19}},"loc":{"start":{"line":11,"column":26},"end":{"line":11,"column":72}},"line":11},"5":{"name":"(anonymous_5)","decl":{"start":{"line":13,"column":16},"end":{"line":13,"column":17}},"loc":{"start":{"line":14,"column":2},"end":{"line":16,"column":38}},"line":14}},"branchMap":{"0":{"loc":{"start":{"line":11,"column":26},"end":{"line":11,"column":72}},"type":"binary-expr","locations":[{"start":{"line":11,"column":26},"end":{"line":11,"column":48}},{"start":{"line":11,"column":52},"end":{"line":11,"column":72}}],"line":11},"1":{"loc":{"start":{"line":14,"column":2},"end":{"line":16,"column":38}},"type":"cond-expr","locations":[{"start":{"line":15,"column":6},"end":{"line":15,"column":59}},{"start":{"line":16,"column":6},"end":{"line":16,"column":38}}],"line":14}},"s":{"0":1,"1":2,"2":2,"3":1,"4":2,"5":5,"6":1,"7":2,"8":1,"9":2},"f":{"0":2,"1":2,"2":2,"3":5,"4":2,"5":2},"b":{"0":[2,1],"1":[2,0]},"_coverageSchema":"332fd63041d2c1bcb487cc26dd0d5f7d97098a6c","hash":"5a6a75156e87a118e7fcc8142a773288f2a63da6"}
,"/home/kfbr392/Documents/repos/lean_gains/src/store/selectors/todays_log.js": {"path":"/home/kfbr392/Documents/repos/lean_gains/src/store/selectors/todays_log.js","statementMap":{"0":{"start":{"line":4,"column":22},"end":{"line":4,"column":67}},"1":{"start":{"line":4,"column":30},"end":{"line":4,"column":67}},"2":{"start":{"line":4,"column":39},"end":{"line":4,"column":67}},"3":{"start":{"line":7,"column":26},"end":{"line":10,"column":11}},"4":{"start":{"line":8,"column":2},"end":{"line":10,"column":11}},"5":{"start":{"line":8,"column":37},"end":{"line":8,"column":74}},"6":{"start":{"line":12,"column":18},"end":{"line":12,"column":72}},"7":{"start":{"line":12,"column":26},"end":{"line":12,"column":72}},"8":{"start":{"line":14,"column":16},"end":{"line":17,"column":38}},"9":{"start":{"line":15,"column":2},"end":{"line":17,"column":38}}},"fnMap":{"0":{"name":"(anonymous_0)","decl":{"start":{"line":4,"column":22},"end":{"line":4,"column":23}},"loc":{"start":{"line":4,"column":30},"end":{"line":4,"column":67}},"line":4},"1":{"name":"(anonymous_1)","decl":{"start":{"line":4,"column":30},"end":{"line":4,"column":31}},"loc":{"start":{"line":4,"column":39},"end":{"line":4,"column":67}},"line":4},"2":{"name":"(anonymous_2)","decl":{"start":{"line":7,"column":26},"end":{"line":7,"column":27}},"loc":{"start":{"line":8,"column":2},"end":{"line":10,"column":11}},"line":8},"3":{"name":"(anonymous_3)","decl":{"start":{"line":8,"column":28},"end":{"line":8,"column":29}},"loc":{"start":{"line":8,"column":37},"end":{"line":8,"column":74}},"line":8},"4":{"name":"(anonymous_4)","decl":{"start":{"line":12,"column":18},"end":{"line":12,"column":19}},"loc":{"start":{"line":12,"column":26},"end":{"line":12,"column":72}},"line":12},"5":{"name":"(anonymous_5)","decl":{"start":{"line":14,"column":16},"end":{"line":14,"column":17}},"loc":{"start":{"line":15,"column":2},"end":{"line":17,"column":38}},"line":15}},"branchMap":{"0":{"loc":{"start":{"line":8,"column":2},"end":{"line":10,"column":11}},"type":"cond-expr","locations":[{"start":{"line":9,"column":6},"end":{"line":9,"column":10}},{"start":{"line":10,"column":6},"end":{"line":10,"column":11}}],"line":8},"1":{"loc":{"start":{"line":12,"column":26},"end":{"line":12,"column":72}},"type":"binary-expr","locations":[{"start":{"line":12,"column":26},"end":{"line":12,"column":48}},{"start":{"line":12,"column":52},"end":{"line":12,"column":72}}],"line":12},"2":{"loc":{"start":{"line":15,"column":2},"end":{"line":17,"column":38}},"type":"cond-expr","locations":[{"start":{"line":16,"column":6},"end":{"line":16,"column":60}},{"start":{"line":17,"column":6},"end":{"line":17,"column":38}}],"line":15}},"s":{"0":1,"1":2,"2":6,"3":1,"4":6,"5":12,"6":1,"7":2,"8":1,"9":2},"f":{"0":2,"1":6,"2":6,"3":12,"4":2,"5":2},"b":{"0":[2,4],"1":[2,1],"2":[2,0]},"_coverageSchema":"332fd63041d2c1bcb487cc26dd0d5f7d97098a6c","hash":"87e417124cb4f97c9b5e7612577d7ebcec6c89c8"}
,"/home/kfbr392/Documents/repos/lean_gains/src/store/selectors/calorie_target/base.js": {"path":"/home/kfbr392/Documents/repos/lean_gains/src/store/selectors/calorie_target/base.js","statementMap":{"0":{"start":{"line":3,"column":23},"end":{"line":6,"column":52}},"1":{"start":{"line":4,"column":2},"end":{"line":6,"column":52}},"2":{"start":{"line":8,"column":21},"end":{"line":8,"column":54}},"3":{"start":{"line":8,"column":33},"end":{"line":8,"column":54}},"4":{"start":{"line":10,"column":17},"end":{"line":11,"column":53}},"5":{"start":{"line":11,"column":2},"end":{"line":11,"column":53}},"6":{"start":{"line":13,"column":25},"end":{"line":14,"column":50}},"7":{"start":{"line":14,"column":2},"end":{"line":14,"column":50}},"8":{"start":{"line":16,"column":19},"end":{"line":17,"column":35}},"9":{"start":{"line":17,"column":2},"end":{"line":17,"column":35}},"10":{"start":{"line":19,"column":19},"end":{"line":20,"column":38}},"11":{"start":{"line":20,"column":2},"end":{"line":20,"column":38}},"12":{"start":{"line":22,"column":20},"end":{"line":28,"column":3}},"13":{"start":{"line":23,"column":2},"end":{"line":28,"column":3}},"14":{"start":{"line":30,"column":22},"end":{"line":36,"column":3}},"15":{"start":{"line":31,"column":2},"end":{"line":36,"column":3}}},"fnMap":{"0":{"name":"(anonymous_0)","decl":{"start":{"line":3,"column":23},"end":{"line":3,"column":24}},"loc":{"start":{"line":4,"column":2},"end":{"line":6,"column":52}},"line":4},"1":{"name":"(anonymous_1)","decl":{"start":{"line":8,"column":21},"end":{"line":8,"column":22}},"loc":{"start":{"line":8,"column":33},"end":{"line":8,"column":54}},"line":8},"2":{"name":"(anonymous_2)","decl":{"start":{"line":10,"column":17},"end":{"line":10,"column":18}},"loc":{"start":{"line":11,"column":2},"end":{"line":11,"column":53}},"line":11},"3":{"name":"(anonymous_3)","decl":{"start":{"line":13,"column":25},"end":{"line":13,"column":26}},"loc":{"start":{"line":14,"column":2},"end":{"line":14,"column":50}},"line":14},"4":{"name":"(anonymous_4)","decl":{"start":{"line":16,"column":19},"end":{"line":16,"column":20}},"loc":{"start":{"line":17,"column":2},"end":{"line":17,"column":35}},"line":17},"5":{"name":"(anonymous_5)","decl":{"start":{"line":19,"column":19},"end":{"line":19,"column":20}},"loc":{"start":{"line":20,"column":2},"end":{"line":20,"column":38}},"line":20},"6":{"name":"(anonymous_6)","decl":{"start":{"line":22,"column":20},"end":{"line":22,"column":21}},"loc":{"start":{"line":23,"column":2},"end":{"line":28,"column":3}},"line":23},"7":{"name":"(anonymous_7)","decl":{"start":{"line":30,"column":22},"end":{"line":30,"column":23}},"loc":{"start":{"line":31,"column":2},"end":{"line":36,"column":3}},"line":31}},"branchMap":{"0":{"loc":{"start":{"line":4,"column":2},"end":{"line":6,"column":52}},"type":"cond-expr","locations":[{"start":{"line":5,"column":6},"end":{"line":5,"column":51}},{"start":{"line":6,"column":6},"end":{"line":6,"column":52}}],"line":4}},"s":{"0":2,"1":14,"2":2,"3":1,"4":2,"5":1,"6":2,"7":30,"8":2,"9":30,"10":2,"11":180,"12":2,"13":11,"14":2,"15":4},"f":{"0":14,"1":1,"2":1,"3":30,"4":30,"5":180,"6":11,"7":4},"b":{"0":[10,4]},"_coverageSchema":"332fd63041d2c1bcb487cc26dd0d5f7d97098a6c","hash":"4afa8136c6c4a11aec77da1f63dd9838b8100ce2"}
,"/home/kfbr392/Documents/repos/lean_gains/src/store/selectors/calorie_target/calorie_calculators.js": {"path":"/home/kfbr392/Documents/repos/lean_gains/src/store/selectors/calorie_target/calorie_calculators.js","statementMap":{"0":{"start":{"line":5,"column":27},"end":{"line":5,"column":61}},"1":{"start":{"line":5,"column":37},"end":{"line":5,"column":60}},"2":{"start":{"line":7,"column":25},"end":{"line":10,"column":59}},"3":{"start":{"line":8,"column":2},"end":{"line":10,"column":59}},"4":{"start":{"line":12,"column":23},"end":{"line":16,"column":14}},"5":{"start":{"line":13,"column":2},"end":{"line":16,"column":14}},"6":{"start":{"line":18,"column":31},"end":{"line":21,"column":26}},"7":{"start":{"line":19,"column":2},"end":{"line":21,"column":26}},"8":{"start":{"line":23,"column":26},"end":{"line":28,"column":26}},"9":{"start":{"line":24,"column":2},"end":{"line":28,"column":26}},"10":{"start":{"line":30,"column":30},"end":{"line":31,"column":53}},"11":{"start":{"line":31,"column":2},"end":{"line":31,"column":53}},"12":{"start":{"line":33,"column":30},"end":{"line":33,"column":74}},"13":{"start":{"line":33,"column":48},"end":{"line":33,"column":74}},"14":{"start":{"line":35,"column":19},"end":{"line":36,"column":52}},"15":{"start":{"line":36,"column":2},"end":{"line":36,"column":52}},"16":{"start":{"line":38,"column":35},"end":{"line":51,"column":3}},"17":{"start":{"line":46,"column":2},"end":{"line":51,"column":3}},"18":{"start":{"line":53,"column":21},"end":{"line":67,"column":3}},"19":{"start":{"line":54,"column":2},"end":{"line":67,"column":3}}},"fnMap":{"0":{"name":"(anonymous_0)","decl":{"start":{"line":5,"column":27},"end":{"line":5,"column":28}},"loc":{"start":{"line":5,"column":37},"end":{"line":5,"column":60}},"line":5},"1":{"name":"(anonymous_1)","decl":{"start":{"line":7,"column":25},"end":{"line":7,"column":26}},"loc":{"start":{"line":8,"column":2},"end":{"line":10,"column":59}},"line":8},"2":{"name":"(anonymous_2)","decl":{"start":{"line":12,"column":23},"end":{"line":12,"column":24}},"loc":{"start":{"line":13,"column":2},"end":{"line":16,"column":14}},"line":13},"3":{"name":"(anonymous_3)","decl":{"start":{"line":18,"column":31},"end":{"line":18,"column":32}},"loc":{"start":{"line":19,"column":2},"end":{"line":21,"column":26}},"line":19},"4":{"name":"(anonymous_4)","decl":{"start":{"line":23,"column":26},"end":{"line":23,"column":27}},"loc":{"start":{"line":24,"column":2},"end":{"line":28,"column":26}},"line":24},"5":{"name":"(anonymous_5)","decl":{"start":{"line":30,"column":30},"end":{"line":30,"column":31}},"loc":{"start":{"line":31,"column":2},"end":{"line":31,"column":53}},"line":31},"6":{"name":"(anonymous_6)","decl":{"start":{"line":33,"column":30},"end":{"line":33,"column":31}},"loc":{"start":{"line":33,"column":48},"end":{"line":33,"column":74}},"line":33},"7":{"name":"(anonymous_7)","decl":{"start":{"line":35,"column":19},"end":{"line":35,"column":20}},"loc":{"start":{"line":36,"column":2},"end":{"line":36,"column":52}},"line":36},"8":{"name":"(anonymous_8)","decl":{"start":{"line":38,"column":35},"end":{"line":38,"column":36}},"loc":{"start":{"line":46,"column":2},"end":{"line":51,"column":3}},"line":46},"9":{"name":"(anonymous_9)","decl":{"start":{"line":53,"column":21},"end":{"line":53,"column":22}},"loc":{"start":{"line":54,"column":2},"end":{"line":67,"column":3}},"line":54}},"branchMap":{"0":{"loc":{"start":{"line":5,"column":37},"end":{"line":5,"column":60}},"type":"cond-expr","locations":[{"start":{"line":5,"column":49},"end":{"line":5,"column":54}},{"start":{"line":5,"column":57},"end":{"line":5,"column":60}}],"line":5},"1":{"loc":{"start":{"line":8,"column":2},"end":{"line":10,"column":59}},"type":"cond-expr","locations":[{"start":{"line":9,"column":6},"end":{"line":9,"column":52}},{"start":{"line":10,"column":6},"end":{"line":10,"column":59}}],"line":8},"2":{"loc":{"start":{"line":13,"column":2},"end":{"line":16,"column":14}},"type":"cond-expr","locations":[{"start":{"line":14,"column":6},"end":{"line":14,"column":71}},{"start":{"line":15,"column":6},"end":{"line":16,"column":14}}],"line":13},"3":{"loc":{"start":{"line":19,"column":2},"end":{"line":21,"column":26}},"type":"cond-expr","locations":[{"start":{"line":20,"column":6},"end":{"line":20,"column":59}},{"start":{"line":21,"column":6},"end":{"line":21,"column":26}}],"line":19},"4":{"loc":{"start":{"line":24,"column":2},"end":{"line":28,"column":26}},"type":"cond-expr","locations":[{"start":{"line":25,"column":6},"end":{"line":27,"column":7}},{"start":{"line":28,"column":6},"end":{"line":28,"column":26}}],"line":24},"5":{"loc":{"start":{"line":56,"column":6},"end":{"line":64,"column":11}},"type":"cond-expr","locations":[{"start":{"line":57,"column":10},"end":{"line":60,"column":11}},{"start":{"line":61,"column":10},"end":{"line":64,"column":11}}],"line":56}},"s":{"0":2,"1":120,"2":2,"3":15,"4":2,"5":15,"6":2,"7":15,"8":2,"9":60,"10":2,"11":30,"12":2,"13":15,"14":2,"15":15,"16":2,"17":30,"18":2,"19":60},"f":{"0":120,"1":15,"2":15,"3":15,"4":60,"5":30,"6":15,"7":15,"8":30,"9":60},"b":{"0":[120,0],"1":[11,4],"2":[14,1],"3":[0,15],"4":[60,0],"5":[30,30]},"_coverageSchema":"332fd63041d2c1bcb487cc26dd0d5f7d97098a6c","hash":"70ea64f9a83bb4d5a0b5fa4a93e00cae99687725"}
}
