TN:
SF:/home/kfbr392/Documents/repos/lean_gains/shared/test_constants.js
FNF:0
FNH:0
DA:1,11
DA:3,11
DA:8,11
DA:65,11
DA:72,11
DA:111,11
DA:118,11
DA:134,11
DA:152,11
DA:158,11
DA:222,11
LF:11
LH:11
BRF:0
BRH:0
end_of_record
TN:
SF:/home/kfbr392/Documents/repos/lean_gains/src/components/centered_submit_button.jsx
FN:4,(anonymous_0)
FNF:1
FNH:0
FNDA:0,(anonymous_0)
DA:4,1
DA:5,0
LF:2
LH:1
BRF:0
BRH:0
end_of_record
TN:
SF:/home/kfbr392/Documents/repos/lean_gains/src/components/current_slider.jsx
FN:6,(anonymous_0)
FNF:1
FNH:0
FNDA:0,(anonymous_0)
DA:6,1
DA:7,0
LF:2
LH:1
BRDA:12,0,0,0
BRDA:12,0,1,0
BRF:2
BRH:0
end_of_record
TN:
SF:/home/kfbr392/Documents/repos/lean_gains/src/components/submit_button.jsx
FN:5,(anonymous_0)
FNF:1
FNH:1
FNDA:1,(anonymous_0)
DA:5,2
DA:7,2
LF:2
LH:2
BRF:0
BRH:0
end_of_record
TN:
SF:/home/kfbr392/Documents/repos/lean_gains/src/components/auth/google_login_button.jsx
FN:4,(anonymous_0)
FNF:1
FNH:0
FNDA:0,(anonymous_0)
DA:4,1
DA:5,0
LF:2
LH:1
BRF:0
BRH:0
end_of_record
TN:
SF:/home/kfbr392/Documents/repos/lean_gains/src/components/auth/login.jsx
FN:7,(anonymous_0)
FNF:1
FNH:1
FNDA:1,(anonymous_0)
DA:7,1
DA:8,1
DA:36,1
LF:3
LH:3
BRF:0
BRH:0
end_of_record
TN:
SF:/home/kfbr392/Documents/repos/lean_gains/src/components/auth/signup.jsx
FN:7,(anonymous_0)
FNF:1
FNH:1
FNDA:1,(anonymous_0)
DA:7,1
DA:15,1
DA:67,1
LF:3
LH:3
BRDA:60,0,0,1
BRDA:60,0,1,1
BRF:2
BRH:2
end_of_record
TN:
SF:/home/kfbr392/Documents/repos/lean_gains/src/components/calorie_result/calore_target_label.jsx
FN:5,(anonymous_0)
FNF:1
FNH:1
FNDA:1,(anonymous_0)
DA:5,2
DA:6,1
DA:10,2
LF:3
LH:3
BRDA:6,0,0,0
BRDA:6,0,1,1
BRF:2
BRH:1
end_of_record
TN:
SF:/home/kfbr392/Documents/repos/lean_gains/src/components/calorie_result/calorie_target_result_sum_label.jsx
FN:5,(anonymous_0)
FNF:1
FNH:1
FNDA:1,(anonymous_0)
DA:5,1
DA:6,1
DA:14,1
LF:3
LH:3
BRF:0
BRH:0
end_of_record
TN:
SF:/home/kfbr392/Documents/repos/lean_gains/src/components/calorie_result/calorie_target_result_table.jsx
FN:14,(anonymous_0)
FNF:1
FNH:1
FNDA:1,(anonymous_0)
DA:14,1
DA:15,1
DA:52,1
LF:3
LH:3
BRF:0
BRH:0
end_of_record
TN:
SF:/home/kfbr392/Documents/repos/lean_gains/src/components/calorie_target/activity_level_selector.jsx
FN:6,(anonymous_0)
FNF:1
FNH:0
FNDA:0,(anonymous_0)
DA:6,1
DA:7,0
LF:2
LH:1
BRF:0
BRH:0
end_of_record
TN:
SF:/home/kfbr392/Documents/repos/lean_gains/src/components/calorie_target/bmr_calculation_selector.jsx
FN:6,(anonymous_0)
FNF:1
FNH:0
FNDA:0,(anonymous_0)
DA:6,1
DA:7,0
LF:2
LH:1
BRF:0
BRH:0
end_of_record
TN:
SF:/home/kfbr392/Documents/repos/lean_gains/src/components/calorie_target/body_fat_field.jsx
FN:6,(anonymous_0)
FNF:1
FNH:0
FNDA:0,(anonymous_0)
DA:6,1
DA:7,0
DA:20,1
LF:3
LH:2
BRDA:7,0,0,0
BRDA:7,0,1,0
BRF:2
BRH:0
end_of_record
TN:
SF:/home/kfbr392/Documents/repos/lean_gains/src/components/calorie_target/calorie_split_selector.jsx
FN:6,(anonymous_0)
FNF:1
FNH:0
FNDA:0,(anonymous_0)
DA:6,1
DA:7,0
LF:2
LH:1
BRF:0
BRH:0
end_of_record
TN:
SF:/home/kfbr392/Documents/repos/lean_gains/src/components/calorie_target/custom_calorie_field.jsx
FN:6,(anonymous_0)
FNF:1
FNH:0
FNDA:0,(anonymous_0)
DA:6,1
DA:12,0
DA:40,1
LF:3
LH:2
BRDA:12,0,0,0
BRDA:12,0,1,0
BRF:2
BRH:0
end_of_record
TN:
SF:/home/kfbr392/Documents/repos/lean_gains/src/components/calorie_target/fat_mathod_selector.jsx
FN:7,(anonymous_0)
FNF:1
FNH:0
FNDA:0,(anonymous_0)
DA:7,1
DA:8,0
LF:2
LH:1
BRF:0
BRH:0
end_of_record
TN:
SF:/home/kfbr392/Documents/repos/lean_gains/src/components/calorie_target/fat_selector.jsx
FN:7,(anonymous_0)
FN:20,(anonymous_1)
FN:27,(anonymous_2)
FN:39,(anonymous_3)
FN:48,(anonymous_4)
FNF:5
FNH:0
FNDA:0,(anonymous_0)
FNDA:0,(anonymous_1)
FNDA:0,(anonymous_2)
FNDA:0,(anonymous_3)
FNDA:0,(anonymous_4)
DA:7,1
DA:14,0
DA:20,0
DA:27,0
DA:39,0
DA:48,0
DA:58,1
LF:7
LH:2
BRDA:14,0,0,0
BRDA:14,0,1,0
BRDA:20,1,0,0
BRDA:20,1,1,0
BRDA:27,2,0,0
BRDA:27,2,1,0
BRDA:39,3,0,0
BRDA:39,3,1,0
BRDA:48,4,0,0
BRDA:48,4,1,0
BRF:10
BRH:0
end_of_record
TN:
SF:/home/kfbr392/Documents/repos/lean_gains/src/components/calorie_target/protein_field.jsx
FN:5,(anonymous_0)
FNF:1
FNH:0
FNDA:0,(anonymous_0)
DA:5,1
DA:6,0
LF:2
LH:1
BRF:0
BRH:0
end_of_record
TN:
SF:/home/kfbr392/Documents/repos/lean_gains/src/components/layout/authenticated_header.jsx
FN:14,(anonymous_0)
FNF:1
FNH:0
FNDA:0,(anonymous_0)
DA:14,1
DA:25,0
DA:34,1
LF:3
LH:2
BRF:0
BRH:0
end_of_record
TN:
SF:/home/kfbr392/Documents/repos/lean_gains/src/components/layout/exercises.jsx
FN:13,(anonymous_0)
FN:25,(anonymous_1)
FNF:2
FNH:0
FNDA:0,(anonymous_0)
FNDA:0,(anonymous_1)
DA:13,1
DA:14,0
DA:26,0
DA:36,1
LF:4
LH:2
BRDA:24,0,0,0
BRDA:24,0,1,0
BRF:2
BRH:0
end_of_record
TN:
SF:/home/kfbr392/Documents/repos/lean_gains/src/components/layout/macros.jsx
FN:42,(anonymous_0)
FN:65,(anonymous_1)
FNF:2
FNH:0
FNDA:0,(anonymous_0)
FNDA:0,(anonymous_1)
DA:12,1
DA:42,1
DA:43,0
DA:52,1
DA:66,0
LF:5
LH:3
BRDA:44,0,0,0
BRDA:44,0,1,0
BRF:2
BRH:0
end_of_record
TN:
SF:/home/kfbr392/Documents/repos/lean_gains/src/components/layout/main.jsx
FN:6,(anonymous_0)
FNF:1
FNH:0
FNDA:0,(anonymous_0)
DA:6,1
DA:7,0
DA:13,1
LF:3
LH:2
BRF:0
BRH:0
end_of_record
TN:
SF:/home/kfbr392/Documents/repos/lean_gains/src/components/layout/router_navigation.jsx
FN:7,(anonymous_0)
FN:9,(anonymous_1)
FN:13,(anonymous_2)
FNF:3
FNH:0
FNDA:0,(anonymous_0)
FNDA:0,(anonymous_1)
FNDA:0,(anonymous_2)
DA:7,1
DA:8,0
DA:9,0
DA:13,0
LF:4
LH:1
BRF:0
BRH:0
end_of_record
TN:
SF:/home/kfbr392/Documents/repos/lean_gains/src/components/layout/save_indicator.jsx
FN:6,(anonymous_0)
FNF:1
FNH:0
FNDA:0,(anonymous_0)
DA:6,1
DA:7,0
DA:11,1
LF:3
LH:2
BRDA:8,0,0,0
BRDA:8,0,1,0
BRF:2
BRH:0
end_of_record
TN:
SF:/home/kfbr392/Documents/repos/lean_gains/src/components/layout/unauth_header.jsx
FN:13,(anonymous_0)
FNF:1
FNH:0
FNDA:0,(anonymous_0)
DA:13,1
DA:14,0
DA:29,1
LF:3
LH:2
BRDA:17,0,0,0
BRDA:17,0,1,0
BRF:2
BRH:0
end_of_record
TN:
SF:/home/kfbr392/Documents/repos/lean_gains/src/components/layout/user.jsx
FN:6,(anonymous_0)
FNF:1
FNH:0
FNDA:0,(anonymous_0)
DA:6,1
DA:7,0
DA:14,1
LF:3
LH:2
BRDA:10,0,0,0
BRDA:10,0,1,0
BRF:2
BRH:0
end_of_record
TN:
SF:/home/kfbr392/Documents/repos/lean_gains/src/containers/calorie_target/calorie_target_calculator.jsx
FN:22,(anonymous_0)
FN:39,(anonymous_1)
FN:69,(anonymous_2)
FN:109,(anonymous_3)
FN:113,(anonymous_4)
FN:118,(anonymous_5)
FN:130,(anonymous_6)
FN:137,(anonymous_7)
FN:145,(anonymous_8)
FN:212,(anonymous_9)
FN:225,(anonymous_10)
FN:231,(anonymous_11)
FN:233,(anonymous_12)
FN:237,(anonymous_13)
FN:254,(anonymous_14)
FNF:15
FNH:0
FNDA:0,(anonymous_0)
FNDA:0,(anonymous_1)
FNDA:0,(anonymous_2)
FNDA:0,(anonymous_3)
FNDA:0,(anonymous_4)
FNDA:0,(anonymous_5)
FNDA:0,(anonymous_6)
FNDA:0,(anonymous_7)
FNDA:0,(anonymous_8)
FNDA:0,(anonymous_9)
FNDA:0,(anonymous_10)
FNDA:0,(anonymous_11)
FNDA:0,(anonymous_12)
FNDA:0,(anonymous_13)
FNDA:0,(anonymous_14)
DA:23,0
DA:24,0
DA:25,0
DA:26,0
DA:27,0
DA:29,0
DA:30,0
DA:31,0
DA:33,0
DA:34,0
DA:35,0
DA:49,0
DA:50,0
DA:51,0
DA:52,0
DA:57,0
DA:58,0
DA:60,0
DA:61,0
DA:63,0
DA:64,0
DA:65,0
DA:66,0
DA:83,0
DA:85,0
DA:86,0
DA:87,0
DA:88,0
DA:94,0
DA:106,0
DA:110,0
DA:114,0
DA:115,0
DA:126,0
DA:127,0
DA:131,0
DA:138,0
DA:146,0
DA:170,1
DA:209,1
DA:212,1
DA:225,1
DA:226,0
DA:231,1
DA:232,0
DA:234,0
DA:238,0
DA:255,0
LF:48
LH:5
BRDA:25,0,0,0
BRDA:25,0,1,0
BRDA:29,1,0,0
BRDA:29,1,1,0
BRDA:33,2,0,0
BRDA:33,2,1,0
BRDA:57,3,0,0
BRDA:57,3,1,0
BRDA:60,4,0,0
BRDA:60,4,1,0
BRDA:63,5,0,0
BRDA:63,5,1,0
BRDA:65,6,0,0
BRDA:65,6,1,0
BRDA:94,7,0,0
BRDA:94,7,1,0
BRDA:94,7,2,0
BRDA:94,7,3,0
BRDA:94,7,4,0
BRDA:94,7,5,0
BRDA:94,7,6,0
BRDA:94,7,7,0
BRDA:94,7,8,0
BRDA:94,7,9,0
BRDA:94,7,10,0
BRDA:94,7,11,0
BRDA:138,8,0,0
BRDA:138,8,1,0
BRDA:146,9,0,0
BRDA:146,9,1,0
BRF:30
BRH:0
end_of_record
TN:
SF:/home/kfbr392/Documents/repos/lean_gains/src/containers/enhancers/with_data_check.jsx
FN:5,(anonymous_0)
FN:5,(anonymous_1)
FN:11,(anonymous_2)
FN:12,(anonymous_3)
FN:16,(anonymous_4)
FN:18,(anonymous_5)
FN:30,(anonymous_6)
FN:30,(anonymous_7)
FN:31,(anonymous_8)
FNF:9
FNH:2
FNDA:0,(anonymous_0)
FNDA:0,(anonymous_1)
FNDA:1,(anonymous_2)
FNDA:0,(anonymous_3)
FNDA:0,(anonymous_4)
FNDA:0,(anonymous_5)
FNDA:1,(anonymous_6)
FNDA:0,(anonymous_7)
FNDA:0,(anonymous_8)
DA:5,1
DA:11,1
DA:12,1
DA:13,0
DA:16,0
DA:18,0
DA:21,0
DA:22,0
DA:23,0
DA:27,0
DA:30,1
DA:31,0
DA:35,1
LF:13
LH:5
BRDA:21,0,0,0
BRDA:21,0,1,0
BRDA:22,1,0,0
BRDA:22,1,1,0
BRDA:27,2,0,0
BRDA:27,2,1,0
BRF:6
BRH:0
end_of_record
TN:
SF:/home/kfbr392/Documents/repos/lean_gains/src/containers/layout/header.jsx
FN:18,(anonymous_0)
FN:44,(anonymous_1)
FN:67,(anonymous_2)
FNF:3
FNH:0
FNDA:0,(anonymous_0)
FNDA:0,(anonymous_1)
FNDA:0,(anonymous_2)
DA:18,1
DA:31,0
DA:44,0
DA:56,1
DA:67,1
LF:5
LH:3
BRDA:41,0,0,0
BRDA:41,0,1,0
BRF:2
BRH:0
end_of_record
TN:
SF:/home/kfbr392/Documents/repos/lean_gains/src/services/request.js
FNF:0
FNH:0
LF:0
LH:0
BRF:0
BRH:0
end_of_record
TN:
SF:/home/kfbr392/Documents/repos/lean_gains/src/store/actionCreators/app_action_creators.js
FN:3,(anonymous_0)
FN:8,(anonymous_1)
FN:13,(anonymous_2)
FN:15,(anonymous_3)
FN:19,(anonymous_4)
FN:21,(anonymous_5)
FN:23,(anonymous_6)
FN:25,(anonymous_7)
FN:27,(anonymous_8)
FN:32,(anonymous_9)
FN:37,(anonymous_10)
FN:42,(anonymous_11)
FN:44,(anonymous_12)
FN:46,(anonymous_13)
FN:48,(anonymous_14)
FN:50,(anonymous_15)
FNF:16
FNH:0
FNDA:0,(anonymous_0)
FNDA:0,(anonymous_1)
FNDA:0,(anonymous_2)
FNDA:0,(anonymous_3)
FNDA:0,(anonymous_4)
FNDA:0,(anonymous_5)
FNDA:0,(anonymous_6)
FNDA:0,(anonymous_7)
FNDA:0,(anonymous_8)
FNDA:0,(anonymous_9)
FNDA:0,(anonymous_10)
FNDA:0,(anonymous_11)
FNDA:0,(anonymous_12)
FNDA:0,(anonymous_13)
FNDA:0,(anonymous_14)
FNDA:0,(anonymous_15)
DA:3,1
DA:8,1
DA:13,1
DA:15,1
DA:19,1
DA:21,1
DA:23,1
DA:25,1
DA:27,1
DA:32,1
DA:37,1
DA:42,1
DA:44,1
DA:46,1
DA:48,1
DA:50,1
LF:16
LH:16
BRF:0
BRH:0
end_of_record
TN:
SF:/home/kfbr392/Documents/repos/lean_gains/src/store/actionCreators/user_details_action_creators.js
FN:6,(anonymous_0)
FN:6,(anonymous_1)
FN:9,(anonymous_2)
FN:15,(anonymous_3)
FN:17,(anonymous_4)
FN:17,(anonymous_5)
FN:20,(anonymous_6)
FN:26,(anonymous_7)
FN:28,(anonymous_8)
FN:28,(anonymous_9)
FN:31,(anonymous_10)
FN:37,(anonymous_11)
FN:40,(anonymous_12)
FN:40,(anonymous_13)
FN:43,(anonymous_14)
FN:46,(anonymous_15)
FN:48,(anonymous_16)
FN:48,(anonymous_17)
FN:52,(anonymous_18)
FN:59,(anonymous_19)
FN:66,(anonymous_20)
FN:73,(anonymous_21)
FN:77,(anonymous_22)
FN:80,(anonymous_23)
FN:80,(anonymous_24)
FN:83,(anonymous_25)
FN:86,(anonymous_26)
FNF:27
FNH:0
FNDA:0,(anonymous_0)
FNDA:0,(anonymous_1)
FNDA:0,(anonymous_2)
FNDA:0,(anonymous_3)
FNDA:0,(anonymous_4)
FNDA:0,(anonymous_5)
FNDA:0,(anonymous_6)
FNDA:0,(anonymous_7)
FNDA:0,(anonymous_8)
FNDA:0,(anonymous_9)
FNDA:0,(anonymous_10)
FNDA:0,(anonymous_11)
FNDA:0,(anonymous_12)
FNDA:0,(anonymous_13)
FNDA:0,(anonymous_14)
FNDA:0,(anonymous_15)
FNDA:0,(anonymous_16)
FNDA:0,(anonymous_17)
FNDA:0,(anonymous_18)
FNDA:0,(anonymous_19)
FNDA:0,(anonymous_20)
FNDA:0,(anonymous_21)
FNDA:0,(anonymous_22)
FNDA:0,(anonymous_23)
FNDA:0,(anonymous_24)
FNDA:0,(anonymous_25)
FNDA:0,(anonymous_26)
DA:6,1
DA:7,0
DA:10,0
DA:15,0
DA:17,1
DA:18,0
DA:21,0
DA:26,0
DA:28,1
DA:29,0
DA:32,0
DA:37,0
DA:40,1
DA:41,0
DA:44,0
DA:46,0
DA:48,1
DA:49,0
DA:50,0
DA:53,0
DA:57,0
DA:60,0
DA:64,0
DA:67,0
DA:71,0
DA:74,0
DA:75,0
DA:77,0
DA:80,1
DA:81,0
DA:84,0
DA:86,0
LF:32
LH:6
BRF:0
BRH:0
end_of_record
TN:
SF:/home/kfbr392/Documents/repos/lean_gains/src/store/actions/app_actions.js
FNF:0
FNH:0
DA:1,3
DA:2,3
DA:3,3
DA:4,3
DA:5,3
DA:6,3
DA:7,3
DA:8,3
DA:9,3
DA:10,3
DA:11,3
DA:12,3
DA:13,3
DA:14,3
DA:15,3
DA:16,3
DA:17,3
DA:18,3
DA:19,3
DA:20,3
DA:21,3
LF:21
LH:21
BRF:0
BRH:0
end_of_record
TN:
SF:/home/kfbr392/Documents/repos/lean_gains/src/store/actions/auth_actions.js
FNF:0
FNH:0
DA:1,1
DA:2,1
DA:3,1
DA:4,1
LF:4
LH:4
BRF:0
BRH:0
end_of_record
TN:
SF:/home/kfbr392/Documents/repos/lean_gains/src/store/actions/daily_logs_actions.js
FNF:0
FNH:0
DA:1,1
DA:2,1
DA:3,1
DA:4,1
DA:5,1
DA:6,1
LF:6
LH:6
BRF:0
BRH:0
end_of_record
TN:
SF:/home/kfbr392/Documents/repos/lean_gains/src/store/actions/user_details_actions.js
FNF:0
FNH:0
DA:1,2
DA:2,2
DA:3,2
DA:4,2
DA:5,2
DA:6,2
DA:7,2
DA:8,2
LF:8
LH:8
BRF:0
BRH:0
end_of_record
TN:
SF:/home/kfbr392/Documents/repos/lean_gains/src/store/actions/workout_logs_actions.js
FNF:0
FNH:0
DA:1,1
DA:2,1
DA:3,1
DA:4,1
DA:5,1
DA:6,1
LF:6
LH:6
BRF:0
BRH:0
end_of_record
TN:
SF:/home/kfbr392/Documents/repos/lean_gains/src/store/reducers/app.js
FN:17,(anonymous_0)
FNF:1
FNH:1
FNDA:22,(anonymous_0)
DA:6,1
DA:17,1
DA:18,22
DA:20,1
DA:24,1
DA:28,1
DA:30,1
DA:32,1
DA:34,2
DA:36,1
DA:38,1
DA:40,2
DA:42,2
DA:44,1
DA:46,1
DA:48,1
DA:50,2
DA:52,1
DA:54,1
DA:56,1
DA:58,1
DA:60,0
LF:22
LH:21
BRDA:17,0,0,14
BRDA:18,1,0,1
BRDA:18,1,1,1
BRDA:18,1,2,1
BRDA:18,1,3,1
BRDA:18,1,4,1
BRDA:18,1,5,2
BRDA:18,1,6,1
BRDA:18,1,7,1
BRDA:18,1,8,2
BRDA:18,1,9,2
BRDA:18,1,10,1
BRDA:18,1,11,1
BRDA:18,1,12,1
BRDA:18,1,13,2
BRDA:18,1,14,1
BRDA:18,1,15,1
BRDA:18,1,16,1
BRDA:18,1,17,1
BRDA:18,1,18,0
BRF:20
BRH:19
end_of_record
TN:
SF:/home/kfbr392/Documents/repos/lean_gains/src/store/reducers/auth.js
FN:10,(anonymous_0)
FN:11,(anonymous_1)
FN:22,(anonymous_2)
FNF:3
FNH:3
FNDA:1,(anonymous_0)
FNDA:1,(anonymous_1)
FNDA:3,(anonymous_2)
DA:5,1
DA:10,1
DA:11,1
DA:12,1
DA:22,1
DA:23,3
DA:25,1
DA:27,1
DA:29,1
DA:31,0
LF:10
LH:9
BRDA:22,0,0,2
BRDA:23,1,0,1
BRDA:23,1,1,1
BRDA:23,1,2,1
BRDA:23,1,3,0
BRF:5
BRH:4
end_of_record
TN:
SF:/home/kfbr392/Documents/repos/lean_gains/src/store/reducers/daily_logs.js
FN:6,(anonymous_0)
FN:10,(anonymous_1)
FN:15,(anonymous_2)
FN:17,(anonymous_3)
FN:23,(anonymous_4)
FN:25,(anonymous_5)
FNF:6
FNH:6
FNDA:1,(anonymous_0)
FNDA:7,(anonymous_1)
FNDA:1,(anonymous_2)
FNDA:1,(anonymous_3)
FNDA:1,(anonymous_4)
FNDA:2,(anonymous_5)
DA:6,1
DA:7,1
DA:10,1
DA:11,7
DA:13,1
DA:15,1
DA:17,1
DA:18,1
DA:21,1
DA:23,1
DA:25,2
DA:27,0
LF:12
LH:11
BRDA:10,0,0,6
BRDA:11,1,0,1
BRDA:11,1,1,1
BRDA:11,1,2,1
BRDA:11,1,3,1
BRDA:11,1,4,1
BRDA:11,1,5,2
BRDA:11,1,6,0
BRF:8
BRH:7
end_of_record
TN:
SF:/home/kfbr392/Documents/repos/lean_gains/src/store/reducers/user_details.js
FN:12,(anonymous_0)
FN:13,(anonymous_1)
FN:21,(anonymous_2)
FN:24,(anonymous_3)
FN:27,(anonymous_4)
FN:30,(anonymous_5)
FNF:6
FNH:6
FNDA:3,(anonymous_0)
FNDA:3,(anonymous_1)
FNDA:1,(anonymous_2)
FNDA:2,(anonymous_3)
FNDA:1,(anonymous_4)
FNDA:9,(anonymous_5)
DA:6,1
DA:12,1
DA:13,3
DA:14,3
DA:21,1
DA:22,1
DA:24,1
DA:25,2
DA:27,1
DA:28,1
DA:30,1
DA:31,9
DA:33,0
DA:35,1
DA:37,1
DA:39,1
DA:41,2
DA:43,1
DA:45,3
DA:47,0
LF:20
LH:18
BRDA:30,0,0,7
BRDA:31,1,0,0
BRDA:31,1,1,1
BRDA:31,1,2,1
BRDA:31,1,3,1
BRDA:31,1,4,2
BRDA:31,1,5,1
BRDA:31,1,6,3
BRDA:31,1,7,0
BRF:9
BRH:7
end_of_record
TN:
SF:/home/kfbr392/Documents/repos/lean_gains/src/store/reducers/workout_logs.js
FN:6,(anonymous_0)
FN:10,(anonymous_1)
FN:13,(anonymous_2)
FN:15,(anonymous_3)
FN:17,(anonymous_4)
FN:21,(anonymous_5)
FNF:6
FNH:6
FNDA:1,(anonymous_0)
FNDA:8,(anonymous_1)
FNDA:1,(anonymous_2)
FNDA:2,(anonymous_3)
FNDA:1,(anonymous_4)
FNDA:1,(anonymous_5)
DA:6,1
DA:7,1
DA:10,1
DA:11,8
DA:13,1
DA:15,2
DA:17,1
DA:19,1
DA:21,1
DA:22,1
DA:25,2
DA:27,0
LF:12
LH:11
BRDA:10,0,0,6
BRDA:11,1,0,1
BRDA:11,1,1,2
BRDA:11,1,2,1
BRDA:11,1,3,1
BRDA:11,1,4,1
BRDA:11,1,5,2
BRDA:11,1,6,0
BRF:8
BRH:7
end_of_record
TN:
SF:/home/kfbr392/Documents/repos/lean_gains/src/store/selectors/age.js
FN:4,(anonymous_0)
FN:6,(anonymous_1)
FNF:2
FNH:2
FNDA:17,(anonymous_0)
FNDA:5,(anonymous_1)
DA:4,17
DA:6,3
DA:7,5
LF:3
LH:3
BRDA:7,0,0,4
BRDA:7,0,1,1
BRF:2
BRH:2
end_of_record
TN:
SF:/home/kfbr392/Documents/repos/lean_gains/src/store/selectors/calorie_target.js
FN:10,(anonymous_0)
FN:12,(anonymous_1)
FN:14,(anonymous_2)
FN:17,(anonymous_3)
FN:34,(anonymous_4)
FNF:5
FNH:5
FNDA:15,(anonymous_0)
FNDA:15,(anonymous_1)
FNDA:15,(anonymous_2)
FNDA:15,(anonymous_3)
FNDA:15,(anonymous_4)
DA:8,2
DA:10,15
DA:12,15
DA:14,2
DA:15,15
DA:17,2
DA:18,15
DA:34,2
DA:52,15
DA:59,15
DA:72,15
DA:74,15
DA:82,15
DA:90,15
DA:99,15
DA:108,15
DA:112,15
DA:117,15
DA:123,15
DA:129,15
DA:135,15
DA:142,15
LF:22
LH:22
BRF:0
BRH:0
end_of_record
TN:
SF:/home/kfbr392/Documents/repos/lean_gains/src/store/selectors/current_kcal_target.js
FN:5,(anonymous_0)
FN:6,(anonymous_1)
FN:11,(anonymous_2)
FNF:3
FNH:3
FNDA:4,(anonymous_0)
FNDA:4,(anonymous_1)
FNDA:2,(anonymous_2)
DA:5,4
DA:7,4
DA:11,2
LF:3
LH:3
BRDA:7,0,0,2
BRDA:7,0,1,2
BRDA:7,1,0,4
BRDA:7,1,1,3
BRF:4
BRH:4
end_of_record
TN:
SF:/home/kfbr392/Documents/repos/lean_gains/src/store/selectors/current_macros.js
FN:9,(anonymous_0)
FN:11,(anonymous_1)
FN:13,(anonymous_2)
FNF:3
FNH:3
FNDA:2,(anonymous_0)
FNDA:2,(anonymous_1)
FNDA:2,(anonymous_2)
DA:7,2
DA:9,2
DA:11,2
DA:13,2
DA:14,2
LF:5
LH:5
BRDA:14,0,0,2
BRDA:14,0,1,0
BRDA:15,1,0,1
BRDA:15,1,1,1
BRDA:16,2,0,0
BRDA:16,2,1,0
BRF:6
BRH:3
end_of_record
TN:
SF:/home/kfbr392/Documents/repos/lean_gains/src/store/selectors/current_weight.js
FN:4,(anonymous_0)
FN:5,(anonymous_1)
FNF:2
FNH:2
FNDA:2,(anonymous_0)
FNDA:2,(anonymous_1)
DA:4,2
DA:6,2
LF:2
LH:2
BRDA:6,0,0,1
BRDA:6,0,1,1
BRF:2
BRH:2
end_of_record
TN:
SF:/home/kfbr392/Documents/repos/lean_gains/src/store/selectors/exercises.js
FN:6,(anonymous_0)
FN:9,(anonymous_1)
FN:12,(anonymous_2)
FN:15,(anonymous_3)
FN:17,(anonymous_4)
FN:19,(anonymous_5)
FN:22,(anonymous_6)
FN:22,(anonymous_7)
FN:28,(anonymous_8)
FN:28,(anonymous_9)
FN:40,(anonymous_10)
FN:42,(anonymous_11)
FN:45,(anonymous_12)
FN:57,(anonymous_13)
FNF:14
FNH:14
FNDA:5,(anonymous_0)
FNDA:15,(anonymous_1)
FNDA:1,(anonymous_2)
FNDA:3,(anonymous_3)
FNDA:1,(anonymous_4)
FNDA:7,(anonymous_5)
FNDA:7,(anonymous_6)
FNDA:12,(anonymous_7)
FNDA:7,(anonymous_8)
FNDA:2,(anonymous_9)
FNDA:14,(anonymous_10)
FNDA:14,(anonymous_11)
FNDA:7,(anonymous_12)
FNDA:7,(anonymous_13)
DA:6,3
DA:7,5
DA:9,15
DA:12,3
DA:13,1
DA:15,3
DA:17,3
DA:19,7
DA:22,7
DA:23,12
DA:28,7
DA:29,2
DA:31,2
DA:33,2
DA:35,2
DA:40,14
DA:42,14
DA:45,3
DA:46,7
DA:50,7
DA:54,7
DA:57,3
DA:58,7
DA:60,5
DA:62,1
DA:64,1
DA:66,0
LF:27
LH:26
BRDA:23,0,0,12
BRDA:23,0,1,0
BRDA:35,1,0,1
BRDA:35,1,1,1
BRDA:58,2,0,5
BRDA:58,2,1,1
BRDA:58,2,2,1
BRDA:58,2,3,0
BRF:8
BRH:6
end_of_record
TN:
SF:/home/kfbr392/Documents/repos/lean_gains/src/store/selectors/log_selector.js
FN:4,(anonymous_0)
FN:4,(anonymous_1)
FN:7,(anonymous_2)
FN:7,(anonymous_3)
FN:16,(anonymous_4)
FN:17,(anonymous_5)
FN:22,(anonymous_6)
FN:24,(anonymous_7)
FNF:8
FNH:8
FNDA:2,(anonymous_0)
FNDA:2,(anonymous_1)
FNDA:2,(anonymous_2)
FNDA:2,(anonymous_3)
FNDA:2,(anonymous_4)
FNDA:5,(anonymous_5)
FNDA:2,(anonymous_6)
FNDA:2,(anonymous_7)
DA:4,2
DA:7,2
DA:8,2
DA:16,1
DA:17,2
DA:18,5
DA:22,2
DA:24,1
DA:25,2
LF:9
LH:9
BRDA:10,0,0,1
BRDA:10,0,1,1
BRDA:22,1,0,2
BRDA:22,1,1,1
BRDA:25,2,0,2
BRDA:25,2,1,0
BRF:6
BRH:5
end_of_record
TN:
SF:/home/kfbr392/Documents/repos/lean_gains/src/store/selectors/month_log.js
FN:4,(anonymous_0)
FN:4,(anonymous_1)
FN:8,(anonymous_2)
FN:9,(anonymous_3)
FN:11,(anonymous_4)
FN:13,(anonymous_5)
FNF:6
FNH:6
FNDA:2,(anonymous_0)
FNDA:2,(anonymous_1)
FNDA:2,(anonymous_2)
FNDA:5,(anonymous_3)
FNDA:2,(anonymous_4)
FNDA:2,(anonymous_5)
DA:4,2
DA:8,1
DA:9,5
DA:11,2
DA:13,1
DA:14,2
LF:6
LH:6
BRDA:11,0,0,2
BRDA:11,0,1,1
BRDA:14,1,0,2
BRDA:14,1,1,0
BRF:4
BRH:3
end_of_record
TN:
SF:/home/kfbr392/Documents/repos/lean_gains/src/store/selectors/todays_log.js
FN:4,(anonymous_0)
FN:4,(anonymous_1)
FN:7,(anonymous_2)
FN:8,(anonymous_3)
FN:12,(anonymous_4)
FN:14,(anonymous_5)
FNF:6
FNH:6
FNDA:2,(anonymous_0)
FNDA:6,(anonymous_1)
FNDA:6,(anonymous_2)
FNDA:12,(anonymous_3)
FNDA:2,(anonymous_4)
FNDA:2,(anonymous_5)
DA:4,6
DA:7,1
DA:8,12
DA:12,2
DA:14,1
DA:15,2
LF:6
LH:6
BRDA:8,0,0,2
BRDA:8,0,1,4
BRDA:12,1,0,2
BRDA:12,1,1,1
BRDA:15,2,0,2
BRDA:15,2,1,0
BRF:6
BRH:5
end_of_record
TN:
SF:/home/kfbr392/Documents/repos/lean_gains/src/store/selectors/calorie_target/base.js
FN:3,(anonymous_0)
FN:8,(anonymous_1)
FN:10,(anonymous_2)
FN:13,(anonymous_3)
FN:16,(anonymous_4)
FN:19,(anonymous_5)
FN:22,(anonymous_6)
FN:30,(anonymous_7)
FNF:8
FNH:8
FNDA:14,(anonymous_0)
FNDA:1,(anonymous_1)
FNDA:1,(anonymous_2)
FNDA:30,(anonymous_3)
FNDA:30,(anonymous_4)
FNDA:180,(anonymous_5)
FNDA:11,(anonymous_6)
FNDA:4,(anonymous_7)
DA:3,2
DA:4,14
DA:8,2
DA:10,2
DA:11,1
DA:13,2
DA:14,30
DA:16,2
DA:17,30
DA:19,2
DA:20,180
DA:22,2
DA:23,11
DA:30,2
DA:31,4
LF:15
LH:15
BRDA:4,0,0,10
BRDA:4,0,1,4
BRF:2
BRH:2
end_of_record
TN:
SF:/home/kfbr392/Documents/repos/lean_gains/src/store/selectors/calorie_target/calorie_calculators.js
FN:5,(anonymous_0)
FN:7,(anonymous_1)
FN:12,(anonymous_2)
FN:18,(anonymous_3)
FN:23,(anonymous_4)
FN:30,(anonymous_5)
FN:33,(anonymous_6)
FN:35,(anonymous_7)
FN:38,(anonymous_8)
FN:53,(anonymous_9)
FNF:10
FNH:10
FNDA:120,(anonymous_0)
FNDA:15,(anonymous_1)
FNDA:15,(anonymous_2)
FNDA:15,(anonymous_3)
FNDA:60,(anonymous_4)
FNDA:30,(anonymous_5)
FNDA:15,(anonymous_6)
FNDA:15,(anonymous_7)
FNDA:30,(anonymous_8)
FNDA:60,(anonymous_9)
DA:5,120
DA:7,2
DA:8,15
DA:12,2
DA:13,15
DA:18,2
DA:19,15
DA:23,2
DA:24,60
DA:30,2
DA:31,30
DA:33,15
DA:35,2
DA:36,15
DA:38,2
DA:46,30
DA:53,2
DA:54,60
LF:18
LH:18
BRDA:5,0,0,120
BRDA:5,0,1,0
BRDA:8,1,0,11
BRDA:8,1,1,4
BRDA:13,2,0,14
BRDA:13,2,1,1
BRDA:19,3,0,0
BRDA:19,3,1,15
BRDA:24,4,0,60
BRDA:24,4,1,0
BRDA:56,5,0,30
BRDA:56,5,1,30
BRF:12
BRH:9
end_of_record
